<?xml version="1.0" encoding="UTF-8"?>
<!-- Generated by org.testng.reporters.JUnitXMLReporter -->
<testsuite ignored="0" hostname="LAPTOP-1E8GHFSQ" failures="0" tests="3" name="Default test" time="81.152" errors="0" timestamp="2025-10-11T13:18:28 IST">
  <testcase classname="com.dgcustomer.testScript.OutStationOneWayTest" name="testOutStationOneWay" time="30.674"/>
  <testcase classname="com.dgcustomer.testScript.OutStationOneWayTest" name="testOutStationOneWayReschedule" time="17.675"/>
  <testcase classname="com.dgcustomer.testScript.OutStationOneWayTest" name="testOutStationOneWayCancel" time="7.56"/>
</testsuite> <!-- Default test -->
