<?xml version="1.0" encoding="UTF-8"?>
<!-- Generated by org.testng.reporters.JUnitXMLReporter -->
<testsuite ignored="0" hostname="LAPTOP-1E8GHFSQ" failures="0" tests="3" name="Default test" time="3.386" errors="0" timestamp="2025-10-13T15:47:52 IST">
  <testcase classname="com.dgcustomer.base.BaseTest" name="@BeforeClass setUp" time="2.633">
    <failure type="org.openqa.selenium.SessionNotCreatedException" message="Could not start a new session. Possible causes are invalid address of the remote server or browser start-up failure. 
Host info: host: &amp;apos;LAPTOP-1E8GHFSQ&amp;apos;, ip: &amp;apos;192.168.31.120&amp;apos;
Build info: version: &amp;apos;4.22.0&amp;apos;, revision: &amp;apos;c5f3146703*&amp;apos;
System info: os.name: &amp;apos;Windows 10&amp;apos;, os.arch: &amp;apos;amd64&amp;apos;, os.version: &amp;apos;10.0&amp;apos;, java.version: &amp;apos;17.0.2&amp;apos;
Driver info: io.appium.java_client.android.AndroidDriver
Command: [null, newSession {capabilities=[Capabilities {appium:appActivity: com.techspiration.dgcustome..., appium:appPackage: com.techspiration.dgcustomer, appium:automationName: UiAutomator2, appium:deviceName: Redmi Note 8 Pro, appium:fullReset: false, appium:ignoreHiddenApiPolicyError: true, appium:noReset: true, appium:platformVersion: 11, appium:udid: 6h69rgroeqvkoz59, platformName: ANDROID}]}]
Capabilities {appium:appActivity: com.techspiration.dgcustome..., appium:appPackage: com.techspiration.dgcustomer, appium:automationName: UiAutomator2, appium:deviceName: Redmi Note 8 Pro, appium:fullReset: false, appium:ignoreHiddenApiPolicyError: true, appium:noReset: true, appium:platformVersion: 11, appium:udid: 6h69rgroeqvkoz59, platformName: ANDROID}">
      <![CDATA[org.openqa.selenium.SessionNotCreatedException: Could not start a new session. Possible causes are invalid address of the remote server or browser start-up failure. 
Host info: host: 'LAPTOP-1E8GHFSQ', ip: '192.168.31.120'
Build info: version: '4.22.0', revision: 'c5f3146703*'
System info: os.name: 'Windows 10', os.arch: 'amd64', os.version: '10.0', java.version: '17.0.2'
Driver info: io.appium.java_client.android.AndroidDriver
Command: [null, newSession {capabilities=[Capabilities {appium:appActivity: com.techspiration.dgcustome..., appium:appPackage: com.techspiration.dgcustomer, appium:automationName: UiAutomator2, appium:deviceName: Redmi Note 8 Pro, appium:fullReset: false, appium:ignoreHiddenApiPolicyError: true, appium:noReset: true, appium:platformVersion: 11, appium:udid: 6h69rgroeqvkoz59, platformName: ANDROID}]}]
Capabilities {appium:appActivity: com.techspiration.dgcustome..., appium:appPackage: com.techspiration.dgcustomer, appium:automationName: UiAutomator2, appium:deviceName: Redmi Note 8 Pro, appium:fullReset: false, appium:ignoreHiddenApiPolicyError: true, appium:noReset: true, appium:platformVersion: 11, appium:udid: 6h69rgroeqvkoz59, platformName: ANDROID}
at org.openqa.selenium.remote.RemoteWebDriver.execute(RemoteWebDriver.java:536)
at io.appium.java_client.AppiumDriver.startSession(AppiumDriver.java:270)
at org.openqa.selenium.remote.RemoteWebDriver.<init>(RemoteWebDriver.java:161)
at io.appium.java_client.AppiumDriver.<init>(AppiumDriver.java:91)
at io.appium.java_client.AppiumDriver.<init>(AppiumDriver.java:103)
at io.appium.java_client.android.AndroidDriver.<init>(AndroidDriver.java:109)
at com.dgcustomer.utilities.DriverFactory.getDriver(DriverFactory.java:37)
at com.dgcustomer.base.BaseTest.setUp(BaseTest.java:37)
at java.base/jdk.internal.reflect.NativeMethodAccessorImpl.invoke0(Native Method)
at java.base/jdk.internal.reflect.NativeMethodAccessorImpl.invoke(NativeMethodAccessorImpl.java:77)
at java.base/jdk.internal.reflect.DelegatingMethodAccessorImpl.invoke(DelegatingMethodAccessorImpl.java:43)
at java.base/java.lang.reflect.Method.invoke(Method.java:568)
at org.testng.internal.invokers.MethodInvocationHelper.invokeMethod(MethodInvocationHelper.java:141)
at org.testng.internal.invokers.MethodInvocationHelper.invokeMethodConsideringTimeout(MethodInvocationHelper.java:71)
at org.testng.internal.invokers.ConfigInvoker.invokeConfigurationMethod(ConfigInvoker.java:400)
at org.testng.internal.invokers.ConfigInvoker.invokeConfigurations(ConfigInvoker.java:333)
at org.testng.internal.invokers.TestMethodWorker.invokeBeforeClassMethods(TestMethodWorker.java:188)
at org.testng.internal.invokers.TestMethodWorker.run(TestMethodWorker.java:128)
at java.base/java.util.ArrayList.forEach(ArrayList.java:1511)
at org.testng.TestRunner.privateRun(TestRunner.java:739)
at org.testng.TestRunner.run(TestRunner.java:614)
at org.testng.SuiteRunner.runTest(SuiteRunner.java:421)
at org.testng.SuiteRunner.runSequentially(SuiteRunner.java:413)
at org.testng.SuiteRunner.privateRun(SuiteRunner.java:373)
at org.testng.SuiteRunner.run(SuiteRunner.java:312)
at org.testng.SuiteRunnerWorker.runSuite(SuiteRunnerWorker.java:52)
at org.testng.SuiteRunnerWorker.run(SuiteRunnerWorker.java:95)
at org.testng.TestNG.runSuitesSequentially(TestNG.java:1274)
at org.testng.TestNG.runSuitesLocally(TestNG.java:1208)
at org.testng.TestNG.runSuites(TestNG.java:1112)
at org.testng.TestNG.run(TestNG.java:1079)
at org.testng.remote.AbstractRemoteTestNG.run(AbstractRemoteTestNG.java:115)
at org.testng.remote.RemoteTestNG.initAndRun(RemoteTestNG.java:293)
at org.testng.remote.RemoteTestNG.main(RemoteTestNG.java:91)
Caused by: java.io.UncheckedIOException: java.net.ConnectException
at org.openqa.selenium.remote.http.jdk.JdkHttpClient.execute0(JdkHttpClient.java:439)
at io.appium.java_client.internal.filters.AppiumIdempotencyFilter.lambda$apply$0(AppiumIdempotencyFilter.java:35)
at io.appium.java_client.internal.filters.AppiumUserAgentFilter.lambda$apply$0(AppiumUserAgentFilter.java:87)
at org.openqa.selenium.remote.http.Filter.lambda$andFinally$1(Filter.java:55)
at org.openqa.selenium.remote.http.jdk.JdkHttpClient.execute(JdkHttpClient.java:355)
at org.openqa.selenium.remote.ProtocolHandshake.createSession(ProtocolHandshake.java:89)
at org.openqa.selenium.remote.ProtocolHandshake.createSession(ProtocolHandshake.java:75)
at org.openqa.selenium.remote.ProtocolHandshake.createSession(ProtocolHandshake.java:61)
at io.appium.java_client.remote.AppiumCommandExecutor.createSession(AppiumCommandExecutor.java:176)
at io.appium.java_client.remote.AppiumCommandExecutor.execute(AppiumCommandExecutor.java:237)
at org.openqa.selenium.remote.RemoteWebDriver.execute(RemoteWebDriver.java:518)
... 33 more
Caused by: java.net.ConnectException
at java.net.http/jdk.internal.net.http.common.Utils.toConnectException(Utils.java:1047)
at java.net.http/jdk.internal.net.http.PlainHttpConnection.connectAsync(PlainHttpConnection.java:198)
at java.net.http/jdk.internal.net.http.PlainHttpConnection.checkRetryConnect(PlainHttpConnection.java:230)
at java.net.http/jdk.internal.net.http.PlainHttpConnection.lambda$connectAsync$1(PlainHttpConnection.java:206)
at java.base/java.util.concurrent.CompletableFuture.uniHandle(CompletableFuture.java:934)
at java.base/java.util.concurrent.CompletableFuture$UniHandle.tryFire(CompletableFuture.java:911)
at java.base/java.util.concurrent.CompletableFuture.postComplete(CompletableFuture.java:510)
at java.base/java.util.concurrent.CompletableFuture$AsyncSupply.run(CompletableFuture.java:1773)
at java.base/java.util.concurrent.ThreadPoolExecutor.runWorker(ThreadPoolExecutor.java:1136)
at java.base/java.util.concurrent.ThreadPoolExecutor$Worker.run(ThreadPoolExecutor.java:635)
at java.base/java.lang.Thread.run(Thread.java:833)
Caused by: java.nio.channels.ClosedChannelException
at java.base/sun.nio.ch.SocketChannelImpl.ensureOpen(SocketChannelImpl.java:195)
at java.base/sun.nio.ch.SocketChannelImpl.beginConnect(SocketChannelImpl.java:760)
at java.base/sun.nio.ch.SocketChannelImpl.connect(SocketChannelImpl.java:848)
at java.net.http/jdk.internal.net.http.PlainHttpConnection.lambda$connectAsync$0(PlainHttpConnection.java:183)
at java.base/java.security.AccessController.doPrivileged(AccessController.java:569)
at java.net.http/jdk.internal.net.http.PlainHttpConnection.connectAsync(PlainHttpConnection.java:185)
... 9 more
]]>
    </failure>
  </testcase> <!-- @BeforeClass setUp -->
  <testcase classname="com.dgcustomer.base.BaseTest" name="@BeforeMethod startTest" time="0.0">
    <skipped/>
  </testcase> <!-- @BeforeMethod startTest -->
  <testcase classname="com.dgcustomer.base.BaseTest" name="@AfterMethod captureResult" time="0.0">
    <skipped/>
  </testcase> <!-- @AfterMethod captureResult -->
  <testcase classname="com.dgcustomer.base.BaseTest" name="@BeforeMethod startTest" time="0.0">
    <skipped/>
  </testcase> <!-- @BeforeMethod startTest -->
  <testcase classname="com.dgcustomer.base.BaseTest" name="@AfterMethod captureResult" time="0.0">
    <skipped/>
  </testcase> <!-- @AfterMethod captureResult -->
  <testcase classname="com.dgcustomer.base.BaseTest" name="@BeforeMethod startTest" time="0.0">
    <skipped/>
  </testcase> <!-- @BeforeMethod startTest -->
  <testcase classname="com.dgcustomer.base.BaseTest" name="@AfterMethod captureResult" time="0.0">
    <skipped/>
  </testcase> <!-- @AfterMethod captureResult -->
  <testcase classname="com.dgcustomer.base.BaseTest" name="@AfterClass tearDown" time="0.0">
    <skipped/>
  </testcase> <!-- @AfterClass tearDown -->
  <testcase classname="com.dgcustomer.testScript.OutStationRoundTriptest" name="testOutStatioRoundTrip" time="0.001">
    <skipped/>
  </testcase> <!-- testOutStatioRoundTrip -->
  <testcase classname="com.dgcustomer.testScript.OutStationRoundTriptest" name="testOutStationRoundTripReschedule" time="0.0">
    <skipped/>
  </testcase> <!-- testOutStationRoundTripReschedule -->
  <testcase classname="com.dgcustomer.testScript.OutStationRoundTriptest" name="testOutStationRoundTripCancel" time="0.0">
    <skipped/>
  </testcase> <!-- testOutStationRoundTripCancel -->
</testsuite> <!-- Default test -->
