<?xml version="1.0" encoding="UTF-8"?>
<!-- Generated by org.testng.reporters.JUnitXMLReporter -->
<testsuite ignored="6" hostname="LAPTOP-1E8GHFSQ" failures="0" tests="8" name="DriveGenie Tests" time="241.398" errors="0" timestamp="2025-10-10T17:54:49 IST">
  <testcase classname="com.dgcustomer.testScript.LoginORSignUpTest" name="testLoginWithOtp" time="36.264"/>
  <testcase classname="com.dgcustomer.testScript.CreateProfileTest" name="testSetProfile" time="11.569"/>
  <testcase classname="com.dgcustomer.testScript.OneWayTest" name="testHireDriver" time="41.299"/>
  <testcase classname="com.dgcustomer.testScript.OneWayTest" name="testRescheduleRide" time="17.914"/>
  <testcase classname="com.dgcustomer.testScript.OneWayTest" name="testCancelRide" time="7.728"/>
  <testcase classname="com.dgcustomer.testScript.RoundTripTest" name="testRoundTrip" time="25.726"/>
  <testcase classname="com.dgcustomer.testScript.RoundTripTest" name="testRescheduleRide" time="17.361"/>
  <testcase classname="com.dgcustomer.testScript.RoundTripTest" name="testCancelRide" time="7.518"/>
  <testcase classname="com.dgcustomer.base.BaseTest" name="@BeforeSuite setupReport" time="0.0">
    <ignored/>
  </testcase> <!-- @BeforeSuite setupReport -->
  <testcase classname="com.dgcustomer.base.BaseTest" name="@AfterSuite flushReport" time="0.0">
    <ignored/>
  </testcase> <!-- @AfterSuite flushReport -->
  <testcase classname="com.dgcustomer.base.BaseTest" name="@BeforeSuite setupReport" time="0.0">
    <ignored/>
  </testcase> <!-- @BeforeSuite setupReport -->
  <testcase classname="com.dgcustomer.base.BaseTest" name="@AfterSuite flushReport" time="0.0">
    <ignored/>
  </testcase> <!-- @AfterSuite flushReport -->
  <testcase classname="com.dgcustomer.base.BaseTest" name="@BeforeSuite setupReport" time="0.0">
    <ignored/>
  </testcase> <!-- @BeforeSuite setupReport -->
  <testcase classname="com.dgcustomer.base.BaseTest" name="@AfterSuite flushReport" time="0.0">
    <ignored/>
  </testcase> <!-- @AfterSuite flushReport -->
</testsuite> <!-- DriveGenie Tests -->
