<?xml version="1.0" encoding="UTF-8"?>
<!-- Generated by org.testng.reporters.JUnitXMLReporter -->
<testsuite ignored="10" hostname="LAPTOP-1E8GHFSQ" failures="8" tests="14" name="DriveGenie Tests" time="326.011" errors="0" timestamp="2025-11-14T17:41:15 IST">
  <testcase classname="com.dgcustomer.testScript.LoginORSignUpTest" name="testEnterNumberLoginWithOtp" time="25.915"/>
  <testcase classname="com.dgcustomer.testScript.CreateProfileTest" name="testCreateProfile" time="11.414"/>
  <testcase classname="com.dgcustomer.testScript.OneWayTest" name="testHireDriverForOneWay" time="38.178"/>
  <testcase classname="com.dgcustomer.testScript.OneWayTest" name="testRescheduleRideForoneWay" time="20.372"/>
  <testcase classname="com.dgcustomer.testScript.OneWayTest" name="testCancelRideForOneWay" time="7.892"/>
  <testcase classname="com.dgcustomer.testScript.RoundTripTest" name="testScheduleRideForRoundTrip" time="28.189">
    <failure type="org.openqa.selenium.WebDriverException" message="Cannot invoke method boolean androidx.test.uiautomator.InteractionController.injectEventSync(android.view.InputEvent) on object androidx.test.uiautomator.InteractionController@65b3f5b with parameters [MotionEvent { action=ACTION_MOVE, actionButton=0, id[0]=0, x[0]=540.0, y[0]=766.5517, toolType[0]=TOOL_TYPE_FINGER, buttonState=0, classification=NONE, metaState=0, flags=0x0, edgeFlags=0x0, pointerCount=1, historySize=0, eventTime=57917864, downTime=57917323, deviceId=0, source=0x1002, displayId=0 }]
Build info: version: &amp;apos;4.22.0&amp;apos;, revision: &amp;apos;c5f3146703*&amp;apos;
System info: os.name: &amp;apos;Windows 10&amp;apos;, os.arch: &amp;apos;amd64&amp;apos;, os.version: &amp;apos;10.0&amp;apos;, java.version: &amp;apos;17.0.2&amp;apos;
Driver info: io.appium.java_client.android.AndroidDriver
Command: [5e207377-90e5-4f93-8a0b-3bdde5c4c0ec, actions {actions=[org.openqa.selenium.interactions.Sequence@3a7e365]}]
Capabilities {appium:appActivity: com.techspiration.dgcustome..., appium:appPackage: com.techspiration.dgcustomer, appium:automationName: UiAutomator2, appium:databaseEnabled: false, appium:desired: {appActivity: com.techspiration.dgcustome..., appPackage: com.techspiration.dgcustomer, automationName: UiAutomator2, deviceName: Redmi Note 8 Pro, fullReset: false, ignoreHiddenApiPolicyError: true, noReset: true, platformName: ANDROID, platformVersion: 11, udid: 6h69rgroeqvkoz59}, appium:deviceApiLevel: 30, appium:deviceManufacturer: Xiaomi, appium:deviceModel: Redmi Note 8 Pro, appium:deviceName: 6h69rgroeqvkoz59, appium:deviceScreenDensity: 440, appium:deviceScreenSize: 1080x2340, appium:deviceUDID: 6h69rgroeqvkoz59, appium:fullReset: false, appium:ignoreHiddenApiPolicyError: true, appium:javascriptEnabled: true, appium:locationContextEnabled: false, appium:networkConnectionEnabled: true, appium:noReset: true, appium:pixelRatio: 2.75, appium:platformVersion: 11, appium:statBarHeight: 76, appium:takesScreenshot: true, appium:udid: 6h69rgroeqvkoz59, appium:viewportRect: {height: 2264, left: 0, top: 76, width: 1080}, appium:warnings: {}, appium:webStorageEnabled: false, platformName: ANDROID}
Session ID: 5e207377-90e5-4f93-8a0b-3bdde5c4c0ec">
      <![CDATA[org.openqa.selenium.WebDriverException: Cannot invoke method boolean androidx.test.uiautomator.InteractionController.injectEventSync(android.view.InputEvent) on object androidx.test.uiautomator.InteractionController@65b3f5b with parameters [MotionEvent { action=ACTION_MOVE, actionButton=0, id[0]=0, x[0]=540.0, y[0]=766.5517, toolType[0]=TOOL_TYPE_FINGER, buttonState=0, classification=NONE, metaState=0, flags=0x0, edgeFlags=0x0, pointerCount=1, historySize=0, eventTime=57917864, downTime=57917323, deviceId=0, source=0x1002, displayId=0 }]
Build info: version: '4.22.0', revision: 'c5f3146703*'
System info: os.name: 'Windows 10', os.arch: 'amd64', os.version: '10.0', java.version: '17.0.2'
Driver info: io.appium.java_client.android.AndroidDriver
Command: [5e207377-90e5-4f93-8a0b-3bdde5c4c0ec, actions {actions=[org.openqa.selenium.interactions.Sequence@3a7e365]}]
Capabilities {appium:appActivity: com.techspiration.dgcustome..., appium:appPackage: com.techspiration.dgcustomer, appium:automationName: UiAutomator2, appium:databaseEnabled: false, appium:desired: {appActivity: com.techspiration.dgcustome..., appPackage: com.techspiration.dgcustomer, automationName: UiAutomator2, deviceName: Redmi Note 8 Pro, fullReset: false, ignoreHiddenApiPolicyError: true, noReset: true, platformName: ANDROID, platformVersion: 11, udid: 6h69rgroeqvkoz59}, appium:deviceApiLevel: 30, appium:deviceManufacturer: Xiaomi, appium:deviceModel: Redmi Note 8 Pro, appium:deviceName: 6h69rgroeqvkoz59, appium:deviceScreenDensity: 440, appium:deviceScreenSize: 1080x2340, appium:deviceUDID: 6h69rgroeqvkoz59, appium:fullReset: false, appium:ignoreHiddenApiPolicyError: true, appium:javascriptEnabled: true, appium:locationContextEnabled: false, appium:networkConnectionEnabled: true, appium:noReset: true, appium:pixelRatio: 2.75, appium:platformVersion: 11, appium:statBarHeight: 76, appium:takesScreenshot: true, appium:udid: 6h69rgroeqvkoz59, appium:viewportRect: {height: 2264, left: 0, top: 76, width: 1080}, appium:warnings: {}, appium:webStorageEnabled: false, platformName: ANDROID}
Session ID: 5e207377-90e5-4f93-8a0b-3bdde5c4c0ec
at org.openqa.selenium.remote.ErrorCodec.decode(ErrorCodec.java:167)
at org.openqa.selenium.remote.codec.w3c.W3CHttpResponseCodec.decode(W3CHttpResponseCodec.java:138)
at org.openqa.selenium.remote.codec.w3c.W3CHttpResponseCodec.decode(W3CHttpResponseCodec.java:50)
at org.openqa.selenium.remote.HttpCommandExecutor.execute(HttpCommandExecutor.java:190)
at io.appium.java_client.remote.AppiumCommandExecutor.execute(AppiumCommandExecutor.java:237)
at org.openqa.selenium.remote.RemoteWebDriver.execute(RemoteWebDriver.java:518)
at org.openqa.selenium.remote.RemoteWebDriver.perform(RemoteWebDriver.java:604)
at com.dgcustomer.payload.OneWay.scrollDown(OneWay.java:215)
at com.dgcustomer.testScript.RoundTripTest.testScheduleRideForRoundTrip(RoundTripTest.java:34)
at java.base/java.util.ArrayList.forEach(ArrayList.java:1511)
... Removed 32 stack frames]]>
    </failure>
  </testcase> <!-- testScheduleRideForRoundTrip -->
  <testcase classname="com.dgcustomer.testScript.RoundTripTest" name="testRescheduleRideForRoundTrip" time="5.069">
    <failure type="org.openqa.selenium.NoSuchElementException" message="An element could not be located on the page using the given search parameters.
For documentation on this error, please visit: https://www.selenium.dev/documentation/webdriver/troubleshooting/errors#no-such-element-exception
Build info: version: &amp;apos;4.22.0&amp;apos;, revision: &amp;apos;c5f3146703*&amp;apos;
System info: os.name: &amp;apos;Windows 10&amp;apos;, os.arch: &amp;apos;amd64&amp;apos;, os.version: &amp;apos;10.0&amp;apos;, java.version: &amp;apos;17.0.2&amp;apos;
Driver info: io.appium.java_client.android.AndroidDriver
Command: [5e207377-90e5-4f93-8a0b-3bdde5c4c0ec, findElement {value=//android.widget.Button[@content-desc=&amp;quot;Reschedule&amp;quot;]
, using=xpath}]
Capabilities {appium:appActivity: com.techspiration.dgcustome..., appium:appPackage: com.techspiration.dgcustomer, appium:automationName: UiAutomator2, appium:databaseEnabled: false, appium:desired: {appActivity: com.techspiration.dgcustome..., appPackage: com.techspiration.dgcustomer, automationName: UiAutomator2, deviceName: Redmi Note 8 Pro, fullReset: false, ignoreHiddenApiPolicyError: true, noReset: true, platformName: ANDROID, platformVersion: 11, udid: 6h69rgroeqvkoz59}, appium:deviceApiLevel: 30, appium:deviceManufacturer: Xiaomi, appium:deviceModel: Redmi Note 8 Pro, appium:deviceName: 6h69rgroeqvkoz59, appium:deviceScreenDensity: 440, appium:deviceScreenSize: 1080x2340, appium:deviceUDID: 6h69rgroeqvkoz59, appium:fullReset: false, appium:ignoreHiddenApiPolicyError: true, appium:javascriptEnabled: true, appium:locationContextEnabled: false, appium:networkConnectionEnabled: true, appium:noReset: true, appium:pixelRatio: 2.75, appium:platformVersion: 11, appium:statBarHeight: 76, appium:takesScreenshot: true, appium:udid: 6h69rgroeqvkoz59, appium:viewportRect: {height: 2264, left: 0, top: 76, width: 1080}, appium:warnings: {}, appium:webStorageEnabled: false, platformName: ANDROID}
Session ID: 5e207377-90e5-4f93-8a0b-3bdde5c4c0ec">
      <![CDATA[org.openqa.selenium.NoSuchElementException: An element could not be located on the page using the given search parameters.
For documentation on this error, please visit: https://www.selenium.dev/documentation/webdriver/troubleshooting/errors#no-such-element-exception
Build info: version: '4.22.0', revision: 'c5f3146703*'
System info: os.name: 'Windows 10', os.arch: 'amd64', os.version: '10.0', java.version: '17.0.2'
Driver info: io.appium.java_client.android.AndroidDriver
Command: [5e207377-90e5-4f93-8a0b-3bdde5c4c0ec, findElement {value=//android.widget.Button[@content-desc="Reschedule"]
, using=xpath}]
Capabilities {appium:appActivity: com.techspiration.dgcustome..., appium:appPackage: com.techspiration.dgcustomer, appium:automationName: UiAutomator2, appium:databaseEnabled: false, appium:desired: {appActivity: com.techspiration.dgcustome..., appPackage: com.techspiration.dgcustomer, automationName: UiAutomator2, deviceName: Redmi Note 8 Pro, fullReset: false, ignoreHiddenApiPolicyError: true, noReset: true, platformName: ANDROID, platformVersion: 11, udid: 6h69rgroeqvkoz59}, appium:deviceApiLevel: 30, appium:deviceManufacturer: Xiaomi, appium:deviceModel: Redmi Note 8 Pro, appium:deviceName: 6h69rgroeqvkoz59, appium:deviceScreenDensity: 440, appium:deviceScreenSize: 1080x2340, appium:deviceUDID: 6h69rgroeqvkoz59, appium:fullReset: false, appium:ignoreHiddenApiPolicyError: true, appium:javascriptEnabled: true, appium:locationContextEnabled: false, appium:networkConnectionEnabled: true, appium:noReset: true, appium:pixelRatio: 2.75, appium:platformVersion: 11, appium:statBarHeight: 76, appium:takesScreenshot: true, appium:udid: 6h69rgroeqvkoz59, appium:viewportRect: {height: 2264, left: 0, top: 76, width: 1080}, appium:warnings: {}, appium:webStorageEnabled: false, platformName: ANDROID}
Session ID: 5e207377-90e5-4f93-8a0b-3bdde5c4c0ec
at org.openqa.selenium.remote.ErrorCodec.decode(ErrorCodec.java:167)
at org.openqa.selenium.remote.codec.w3c.W3CHttpResponseCodec.decode(W3CHttpResponseCodec.java:138)
at org.openqa.selenium.remote.codec.w3c.W3CHttpResponseCodec.decode(W3CHttpResponseCodec.java:50)
at org.openqa.selenium.remote.HttpCommandExecutor.execute(HttpCommandExecutor.java:190)
at io.appium.java_client.remote.AppiumCommandExecutor.execute(AppiumCommandExecutor.java:237)
at org.openqa.selenium.remote.RemoteWebDriver.execute(RemoteWebDriver.java:518)
at org.openqa.selenium.remote.ElementLocation$ElementFinder$2.findElement(ElementLocation.java:165)
at org.openqa.selenium.remote.ElementLocation.findElement(ElementLocation.java:59)
at org.openqa.selenium.remote.RemoteWebDriver.findElement(RemoteWebDriver.java:355)
at org.openqa.selenium.remote.RemoteWebDriver.findElement(RemoteWebDriver.java:349)
at com.dgcustomer.payload.RoundTrip.clickRescheduleBtn(RoundTrip.java:139)
at com.dgcustomer.testScript.RoundTripTest.testRescheduleRideForRoundTrip(RoundTripTest.java:46)
at java.base/java.util.ArrayList.forEach(ArrayList.java:1511)
... Removed 32 stack frames]]>
    </failure>
  </testcase> <!-- testRescheduleRideForRoundTrip -->
  <testcase classname="com.dgcustomer.testScript.RoundTripTest" name="testCancelRideForRoundTrip" time="5.064">
    <failure type="org.openqa.selenium.NoSuchElementException" message="An element could not be located on the page using the given search parameters.
For documentation on this error, please visit: https://www.selenium.dev/documentation/webdriver/troubleshooting/errors#no-such-element-exception
Build info: version: &amp;apos;4.22.0&amp;apos;, revision: &amp;apos;c5f3146703*&amp;apos;
System info: os.name: &amp;apos;Windows 10&amp;apos;, os.arch: &amp;apos;amd64&amp;apos;, os.version: &amp;apos;10.0&amp;apos;, java.version: &amp;apos;17.0.2&amp;apos;
Driver info: io.appium.java_client.android.AndroidDriver
Command: [5e207377-90e5-4f93-8a0b-3bdde5c4c0ec, findElement {value=//android.widget.Button[@content-desc=&amp;quot;Cancel&amp;quot;], using=xpath}]
Capabilities {appium:appActivity: com.techspiration.dgcustome..., appium:appPackage: com.techspiration.dgcustomer, appium:automationName: UiAutomator2, appium:databaseEnabled: false, appium:desired: {appActivity: com.techspiration.dgcustome..., appPackage: com.techspiration.dgcustomer, automationName: UiAutomator2, deviceName: Redmi Note 8 Pro, fullReset: false, ignoreHiddenApiPolicyError: true, noReset: true, platformName: ANDROID, platformVersion: 11, udid: 6h69rgroeqvkoz59}, appium:deviceApiLevel: 30, appium:deviceManufacturer: Xiaomi, appium:deviceModel: Redmi Note 8 Pro, appium:deviceName: 6h69rgroeqvkoz59, appium:deviceScreenDensity: 440, appium:deviceScreenSize: 1080x2340, appium:deviceUDID: 6h69rgroeqvkoz59, appium:fullReset: false, appium:ignoreHiddenApiPolicyError: true, appium:javascriptEnabled: true, appium:locationContextEnabled: false, appium:networkConnectionEnabled: true, appium:noReset: true, appium:pixelRatio: 2.75, appium:platformVersion: 11, appium:statBarHeight: 76, appium:takesScreenshot: true, appium:udid: 6h69rgroeqvkoz59, appium:viewportRect: {height: 2264, left: 0, top: 76, width: 1080}, appium:warnings: {}, appium:webStorageEnabled: false, platformName: ANDROID}
Session ID: 5e207377-90e5-4f93-8a0b-3bdde5c4c0ec">
      <![CDATA[org.openqa.selenium.NoSuchElementException: An element could not be located on the page using the given search parameters.
For documentation on this error, please visit: https://www.selenium.dev/documentation/webdriver/troubleshooting/errors#no-such-element-exception
Build info: version: '4.22.0', revision: 'c5f3146703*'
System info: os.name: 'Windows 10', os.arch: 'amd64', os.version: '10.0', java.version: '17.0.2'
Driver info: io.appium.java_client.android.AndroidDriver
Command: [5e207377-90e5-4f93-8a0b-3bdde5c4c0ec, findElement {value=//android.widget.Button[@content-desc="Cancel"], using=xpath}]
Capabilities {appium:appActivity: com.techspiration.dgcustome..., appium:appPackage: com.techspiration.dgcustomer, appium:automationName: UiAutomator2, appium:databaseEnabled: false, appium:desired: {appActivity: com.techspiration.dgcustome..., appPackage: com.techspiration.dgcustomer, automationName: UiAutomator2, deviceName: Redmi Note 8 Pro, fullReset: false, ignoreHiddenApiPolicyError: true, noReset: true, platformName: ANDROID, platformVersion: 11, udid: 6h69rgroeqvkoz59}, appium:deviceApiLevel: 30, appium:deviceManufacturer: Xiaomi, appium:deviceModel: Redmi Note 8 Pro, appium:deviceName: 6h69rgroeqvkoz59, appium:deviceScreenDensity: 440, appium:deviceScreenSize: 1080x2340, appium:deviceUDID: 6h69rgroeqvkoz59, appium:fullReset: false, appium:ignoreHiddenApiPolicyError: true, appium:javascriptEnabled: true, appium:locationContextEnabled: false, appium:networkConnectionEnabled: true, appium:noReset: true, appium:pixelRatio: 2.75, appium:platformVersion: 11, appium:statBarHeight: 76, appium:takesScreenshot: true, appium:udid: 6h69rgroeqvkoz59, appium:viewportRect: {height: 2264, left: 0, top: 76, width: 1080}, appium:warnings: {}, appium:webStorageEnabled: false, platformName: ANDROID}
Session ID: 5e207377-90e5-4f93-8a0b-3bdde5c4c0ec
at org.openqa.selenium.remote.ErrorCodec.decode(ErrorCodec.java:167)
at org.openqa.selenium.remote.codec.w3c.W3CHttpResponseCodec.decode(W3CHttpResponseCodec.java:138)
at org.openqa.selenium.remote.codec.w3c.W3CHttpResponseCodec.decode(W3CHttpResponseCodec.java:50)
at org.openqa.selenium.remote.HttpCommandExecutor.execute(HttpCommandExecutor.java:190)
at io.appium.java_client.remote.AppiumCommandExecutor.execute(AppiumCommandExecutor.java:237)
at org.openqa.selenium.remote.RemoteWebDriver.execute(RemoteWebDriver.java:518)
at org.openqa.selenium.remote.ElementLocation$ElementFinder$2.findElement(ElementLocation.java:165)
at org.openqa.selenium.remote.ElementLocation.findElement(ElementLocation.java:59)
at org.openqa.selenium.remote.RemoteWebDriver.findElement(RemoteWebDriver.java:355)
at org.openqa.selenium.remote.RemoteWebDriver.findElement(RemoteWebDriver.java:349)
at com.dgcustomer.payload.RoundTrip.clickCancelRide(RoundTrip.java:172)
at com.dgcustomer.testScript.RoundTripTest.testCancelRideForRoundTrip(RoundTripTest.java:67)
at java.base/java.util.ArrayList.forEach(ArrayList.java:1511)
... Removed 32 stack frames]]>
    </failure>
  </testcase> <!-- testCancelRideForRoundTrip -->
  <testcase classname="com.dgcustomer.testScript.OutStationOneWayTest" name="testOutStationOneWay" time="30.96"/>
  <testcase classname="com.dgcustomer.testScript.OutStationOneWayTest" name="testOutStationOneWayReschedule" time="12.022">
    <failure type="org.openqa.selenium.NoSuchElementException" message="An element could not be located on the page using the given search parameters.
For documentation on this error, please visit: https://www.selenium.dev/documentation/webdriver/troubleshooting/errors#no-such-element-exception
Build info: version: &amp;apos;4.22.0&amp;apos;, revision: &amp;apos;c5f3146703*&amp;apos;
System info: os.name: &amp;apos;Windows 10&amp;apos;, os.arch: &amp;apos;amd64&amp;apos;, os.version: &amp;apos;10.0&amp;apos;, java.version: &amp;apos;17.0.2&amp;apos;
Driver info: io.appium.java_client.android.AndroidDriver
Command: [1de0bd78-b3f0-4a74-9ad5-94e04392881f, findElement {value=//android.widget.Button[@content-desc=&amp;quot;okay&amp;quot;], using=xpath}]
Capabilities {appium:appActivity: com.techspiration.dgcustome..., appium:appPackage: com.techspiration.dgcustomer, appium:automationName: UiAutomator2, appium:databaseEnabled: false, appium:desired: {appActivity: com.techspiration.dgcustome..., appPackage: com.techspiration.dgcustomer, automationName: UiAutomator2, deviceName: Redmi Note 8 Pro, fullReset: false, ignoreHiddenApiPolicyError: true, noReset: true, platformName: ANDROID, platformVersion: 11, udid: 6h69rgroeqvkoz59}, appium:deviceApiLevel: 30, appium:deviceManufacturer: Xiaomi, appium:deviceModel: Redmi Note 8 Pro, appium:deviceName: 6h69rgroeqvkoz59, appium:deviceScreenDensity: 440, appium:deviceScreenSize: 1080x2340, appium:deviceUDID: 6h69rgroeqvkoz59, appium:fullReset: false, appium:ignoreHiddenApiPolicyError: true, appium:javascriptEnabled: true, appium:locationContextEnabled: false, appium:networkConnectionEnabled: true, appium:noReset: true, appium:pixelRatio: 2.75, appium:platformVersion: 11, appium:statBarHeight: 76, appium:takesScreenshot: true, appium:udid: 6h69rgroeqvkoz59, appium:viewportRect: {height: 2264, left: 0, top: 76, width: 1080}, appium:warnings: {}, appium:webStorageEnabled: false, platformName: ANDROID}
Session ID: 1de0bd78-b3f0-4a74-9ad5-94e04392881f">
      <![CDATA[org.openqa.selenium.NoSuchElementException: An element could not be located on the page using the given search parameters.
For documentation on this error, please visit: https://www.selenium.dev/documentation/webdriver/troubleshooting/errors#no-such-element-exception
Build info: version: '4.22.0', revision: 'c5f3146703*'
System info: os.name: 'Windows 10', os.arch: 'amd64', os.version: '10.0', java.version: '17.0.2'
Driver info: io.appium.java_client.android.AndroidDriver
Command: [1de0bd78-b3f0-4a74-9ad5-94e04392881f, findElement {value=//android.widget.Button[@content-desc="okay"], using=xpath}]
Capabilities {appium:appActivity: com.techspiration.dgcustome..., appium:appPackage: com.techspiration.dgcustomer, appium:automationName: UiAutomator2, appium:databaseEnabled: false, appium:desired: {appActivity: com.techspiration.dgcustome..., appPackage: com.techspiration.dgcustomer, automationName: UiAutomator2, deviceName: Redmi Note 8 Pro, fullReset: false, ignoreHiddenApiPolicyError: true, noReset: true, platformName: ANDROID, platformVersion: 11, udid: 6h69rgroeqvkoz59}, appium:deviceApiLevel: 30, appium:deviceManufacturer: Xiaomi, appium:deviceModel: Redmi Note 8 Pro, appium:deviceName: 6h69rgroeqvkoz59, appium:deviceScreenDensity: 440, appium:deviceScreenSize: 1080x2340, appium:deviceUDID: 6h69rgroeqvkoz59, appium:fullReset: false, appium:ignoreHiddenApiPolicyError: true, appium:javascriptEnabled: true, appium:locationContextEnabled: false, appium:networkConnectionEnabled: true, appium:noReset: true, appium:pixelRatio: 2.75, appium:platformVersion: 11, appium:statBarHeight: 76, appium:takesScreenshot: true, appium:udid: 6h69rgroeqvkoz59, appium:viewportRect: {height: 2264, left: 0, top: 76, width: 1080}, appium:warnings: {}, appium:webStorageEnabled: false, platformName: ANDROID}
Session ID: 1de0bd78-b3f0-4a74-9ad5-94e04392881f
at org.openqa.selenium.remote.ErrorCodec.decode(ErrorCodec.java:167)
at org.openqa.selenium.remote.codec.w3c.W3CHttpResponseCodec.decode(W3CHttpResponseCodec.java:138)
at org.openqa.selenium.remote.codec.w3c.W3CHttpResponseCodec.decode(W3CHttpResponseCodec.java:50)
at org.openqa.selenium.remote.HttpCommandExecutor.execute(HttpCommandExecutor.java:190)
at io.appium.java_client.remote.AppiumCommandExecutor.execute(AppiumCommandExecutor.java:237)
at org.openqa.selenium.remote.RemoteWebDriver.execute(RemoteWebDriver.java:518)
at org.openqa.selenium.remote.ElementLocation$ElementFinder$2.findElement(ElementLocation.java:165)
at org.openqa.selenium.remote.ElementLocation.findElement(ElementLocation.java:59)
at org.openqa.selenium.remote.RemoteWebDriver.findElement(RemoteWebDriver.java:355)
at org.openqa.selenium.remote.RemoteWebDriver.findElement(RemoteWebDriver.java:349)
at com.dgcustomer.payload.OutStationOneWay.clickRescheduleOkayBtn(OutStationOneWay.java:154)
at com.dgcustomer.testScript.OutStationOneWayTest.testOutStationOneWayReschedule(OutStationOneWayTest.java:61)
at java.base/java.util.ArrayList.forEach(ArrayList.java:1511)
... Removed 32 stack frames]]>
    </failure>
  </testcase> <!-- testOutStationOneWayReschedule -->
  <testcase classname="com.dgcustomer.testScript.OutStationOneWayTest" name="testOutStationOneWayCancel" time="2.937">
    <failure type="org.openqa.selenium.NoSuchElementException" message="An element could not be located on the page using the given search parameters.
For documentation on this error, please visit: https://www.selenium.dev/documentation/webdriver/troubleshooting/errors#no-such-element-exception
Build info: version: &amp;apos;4.22.0&amp;apos;, revision: &amp;apos;c5f3146703*&amp;apos;
System info: os.name: &amp;apos;Windows 10&amp;apos;, os.arch: &amp;apos;amd64&amp;apos;, os.version: &amp;apos;10.0&amp;apos;, java.version: &amp;apos;17.0.2&amp;apos;
Driver info: io.appium.java_client.android.AndroidDriver
Command: [1de0bd78-b3f0-4a74-9ad5-94e04392881f, findElement {value=//android.widget.Button[@content-desc=&amp;quot;Cancel&amp;quot;], using=xpath}]
Capabilities {appium:appActivity: com.techspiration.dgcustome..., appium:appPackage: com.techspiration.dgcustomer, appium:automationName: UiAutomator2, appium:databaseEnabled: false, appium:desired: {appActivity: com.techspiration.dgcustome..., appPackage: com.techspiration.dgcustomer, automationName: UiAutomator2, deviceName: Redmi Note 8 Pro, fullReset: false, ignoreHiddenApiPolicyError: true, noReset: true, platformName: ANDROID, platformVersion: 11, udid: 6h69rgroeqvkoz59}, appium:deviceApiLevel: 30, appium:deviceManufacturer: Xiaomi, appium:deviceModel: Redmi Note 8 Pro, appium:deviceName: 6h69rgroeqvkoz59, appium:deviceScreenDensity: 440, appium:deviceScreenSize: 1080x2340, appium:deviceUDID: 6h69rgroeqvkoz59, appium:fullReset: false, appium:ignoreHiddenApiPolicyError: true, appium:javascriptEnabled: true, appium:locationContextEnabled: false, appium:networkConnectionEnabled: true, appium:noReset: true, appium:pixelRatio: 2.75, appium:platformVersion: 11, appium:statBarHeight: 76, appium:takesScreenshot: true, appium:udid: 6h69rgroeqvkoz59, appium:viewportRect: {height: 2264, left: 0, top: 76, width: 1080}, appium:warnings: {}, appium:webStorageEnabled: false, platformName: ANDROID}
Session ID: 1de0bd78-b3f0-4a74-9ad5-94e04392881f">
      <![CDATA[org.openqa.selenium.NoSuchElementException: An element could not be located on the page using the given search parameters.
For documentation on this error, please visit: https://www.selenium.dev/documentation/webdriver/troubleshooting/errors#no-such-element-exception
Build info: version: '4.22.0', revision: 'c5f3146703*'
System info: os.name: 'Windows 10', os.arch: 'amd64', os.version: '10.0', java.version: '17.0.2'
Driver info: io.appium.java_client.android.AndroidDriver
Command: [1de0bd78-b3f0-4a74-9ad5-94e04392881f, findElement {value=//android.widget.Button[@content-desc="Cancel"], using=xpath}]
Capabilities {appium:appActivity: com.techspiration.dgcustome..., appium:appPackage: com.techspiration.dgcustomer, appium:automationName: UiAutomator2, appium:databaseEnabled: false, appium:desired: {appActivity: com.techspiration.dgcustome..., appPackage: com.techspiration.dgcustomer, automationName: UiAutomator2, deviceName: Redmi Note 8 Pro, fullReset: false, ignoreHiddenApiPolicyError: true, noReset: true, platformName: ANDROID, platformVersion: 11, udid: 6h69rgroeqvkoz59}, appium:deviceApiLevel: 30, appium:deviceManufacturer: Xiaomi, appium:deviceModel: Redmi Note 8 Pro, appium:deviceName: 6h69rgroeqvkoz59, appium:deviceScreenDensity: 440, appium:deviceScreenSize: 1080x2340, appium:deviceUDID: 6h69rgroeqvkoz59, appium:fullReset: false, appium:ignoreHiddenApiPolicyError: true, appium:javascriptEnabled: true, appium:locationContextEnabled: false, appium:networkConnectionEnabled: true, appium:noReset: true, appium:pixelRatio: 2.75, appium:platformVersion: 11, appium:statBarHeight: 76, appium:takesScreenshot: true, appium:udid: 6h69rgroeqvkoz59, appium:viewportRect: {height: 2264, left: 0, top: 76, width: 1080}, appium:warnings: {}, appium:webStorageEnabled: false, platformName: ANDROID}
Session ID: 1de0bd78-b3f0-4a74-9ad5-94e04392881f
at org.openqa.selenium.remote.ErrorCodec.decode(ErrorCodec.java:167)
at org.openqa.selenium.remote.codec.w3c.W3CHttpResponseCodec.decode(W3CHttpResponseCodec.java:138)
at org.openqa.selenium.remote.codec.w3c.W3CHttpResponseCodec.decode(W3CHttpResponseCodec.java:50)
at org.openqa.selenium.remote.HttpCommandExecutor.execute(HttpCommandExecutor.java:190)
at io.appium.java_client.remote.AppiumCommandExecutor.execute(AppiumCommandExecutor.java:237)
at org.openqa.selenium.remote.RemoteWebDriver.execute(RemoteWebDriver.java:518)
at org.openqa.selenium.remote.ElementLocation$ElementFinder$2.findElement(ElementLocation.java:165)
at org.openqa.selenium.remote.ElementLocation.findElement(ElementLocation.java:59)
at org.openqa.selenium.remote.RemoteWebDriver.findElement(RemoteWebDriver.java:355)
at org.openqa.selenium.remote.RemoteWebDriver.findElement(RemoteWebDriver.java:349)
at com.dgcustomer.payload.OutStationOneWay.clickCancelRide(OutStationOneWay.java:159)
at com.dgcustomer.testScript.OutStationOneWayTest.testOutStationOneWayCancel(OutStationOneWayTest.java:74)
at java.base/java.util.ArrayList.forEach(ArrayList.java:1511)
... Removed 32 stack frames]]>
    </failure>
  </testcase> <!-- testOutStationOneWayCancel -->
  <testcase classname="com.dgcustomer.testScript.OutStationRoundTriptest" name="testOutStatioRoundTrip" time="5.64">
    <failure type="org.openqa.selenium.NoSuchElementException" message="An element could not be located on the page using the given search parameters.
For documentation on this error, please visit: https://www.selenium.dev/documentation/webdriver/troubleshooting/errors#no-such-element-exception
Build info: version: &amp;apos;4.22.0&amp;apos;, revision: &amp;apos;c5f3146703*&amp;apos;
System info: os.name: &amp;apos;Windows 10&amp;apos;, os.arch: &amp;apos;amd64&amp;apos;, os.version: &amp;apos;10.0&amp;apos;, java.version: &amp;apos;17.0.2&amp;apos;
Driver info: io.appium.java_client.android.AndroidDriver
Command: [ed3fbbb4-1c3b-4627-981e-944df832f3d7, findElement {value=//android.widget.ImageView[@content-desc=&amp;quot;Out Station&amp;quot;], using=xpath}]
Capabilities {appium:appActivity: com.techspiration.dgcustome..., appium:appPackage: com.techspiration.dgcustomer, appium:automationName: UiAutomator2, appium:databaseEnabled: false, appium:desired: {appActivity: com.techspiration.dgcustome..., appPackage: com.techspiration.dgcustomer, automationName: UiAutomator2, deviceName: Redmi Note 8 Pro, fullReset: false, ignoreHiddenApiPolicyError: true, noReset: true, platformName: ANDROID, platformVersion: 11, udid: 6h69rgroeqvkoz59}, appium:deviceApiLevel: 30, appium:deviceManufacturer: Xiaomi, appium:deviceModel: Redmi Note 8 Pro, appium:deviceName: 6h69rgroeqvkoz59, appium:deviceScreenDensity: 440, appium:deviceScreenSize: 1080x2340, appium:deviceUDID: 6h69rgroeqvkoz59, appium:fullReset: false, appium:ignoreHiddenApiPolicyError: true, appium:javascriptEnabled: true, appium:locationContextEnabled: false, appium:networkConnectionEnabled: true, appium:noReset: true, appium:pixelRatio: 2.75, appium:platformVersion: 11, appium:statBarHeight: 76, appium:takesScreenshot: true, appium:udid: 6h69rgroeqvkoz59, appium:viewportRect: {height: 2264, left: 0, top: 76, width: 1080}, appium:warnings: {}, appium:webStorageEnabled: false, platformName: ANDROID}
Session ID: ed3fbbb4-1c3b-4627-981e-944df832f3d7">
      <![CDATA[org.openqa.selenium.NoSuchElementException: An element could not be located on the page using the given search parameters.
For documentation on this error, please visit: https://www.selenium.dev/documentation/webdriver/troubleshooting/errors#no-such-element-exception
Build info: version: '4.22.0', revision: 'c5f3146703*'
System info: os.name: 'Windows 10', os.arch: 'amd64', os.version: '10.0', java.version: '17.0.2'
Driver info: io.appium.java_client.android.AndroidDriver
Command: [ed3fbbb4-1c3b-4627-981e-944df832f3d7, findElement {value=//android.widget.ImageView[@content-desc="Out Station"], using=xpath}]
Capabilities {appium:appActivity: com.techspiration.dgcustome..., appium:appPackage: com.techspiration.dgcustomer, appium:automationName: UiAutomator2, appium:databaseEnabled: false, appium:desired: {appActivity: com.techspiration.dgcustome..., appPackage: com.techspiration.dgcustomer, automationName: UiAutomator2, deviceName: Redmi Note 8 Pro, fullReset: false, ignoreHiddenApiPolicyError: true, noReset: true, platformName: ANDROID, platformVersion: 11, udid: 6h69rgroeqvkoz59}, appium:deviceApiLevel: 30, appium:deviceManufacturer: Xiaomi, appium:deviceModel: Redmi Note 8 Pro, appium:deviceName: 6h69rgroeqvkoz59, appium:deviceScreenDensity: 440, appium:deviceScreenSize: 1080x2340, appium:deviceUDID: 6h69rgroeqvkoz59, appium:fullReset: false, appium:ignoreHiddenApiPolicyError: true, appium:javascriptEnabled: true, appium:locationContextEnabled: false, appium:networkConnectionEnabled: true, appium:noReset: true, appium:pixelRatio: 2.75, appium:platformVersion: 11, appium:statBarHeight: 76, appium:takesScreenshot: true, appium:udid: 6h69rgroeqvkoz59, appium:viewportRect: {height: 2264, left: 0, top: 76, width: 1080}, appium:warnings: {}, appium:webStorageEnabled: false, platformName: ANDROID}
Session ID: ed3fbbb4-1c3b-4627-981e-944df832f3d7
at org.openqa.selenium.remote.ErrorCodec.decode(ErrorCodec.java:167)
at org.openqa.selenium.remote.codec.w3c.W3CHttpResponseCodec.decode(W3CHttpResponseCodec.java:138)
at org.openqa.selenium.remote.codec.w3c.W3CHttpResponseCodec.decode(W3CHttpResponseCodec.java:50)
at org.openqa.selenium.remote.HttpCommandExecutor.execute(HttpCommandExecutor.java:190)
at io.appium.java_client.remote.AppiumCommandExecutor.execute(AppiumCommandExecutor.java:237)
at org.openqa.selenium.remote.RemoteWebDriver.execute(RemoteWebDriver.java:518)
at org.openqa.selenium.remote.ElementLocation$ElementFinder$2.findElement(ElementLocation.java:165)
at org.openqa.selenium.remote.ElementLocation.findElement(ElementLocation.java:59)
at org.openqa.selenium.remote.RemoteWebDriver.findElement(RemoteWebDriver.java:355)
at org.openqa.selenium.remote.RemoteWebDriver.findElement(RemoteWebDriver.java:349)
at com.dgcustomer.payload.OutStationRoundTrip.clickOutStationBtn(OutStationRoundTrip.java:50)
at com.dgcustomer.testScript.OutStationRoundTriptest.testOutStatioRoundTrip(OutStationRoundTriptest.java:17)
at java.base/java.util.ArrayList.forEach(ArrayList.java:1511)
... Removed 32 stack frames]]>
    </failure>
  </testcase> <!-- testOutStatioRoundTrip -->
  <testcase classname="com.dgcustomer.testScript.OutStationRoundTriptest" name="testOutStationRoundTripReschedule" time="2.951">
    <failure type="org.openqa.selenium.NoSuchElementException" message="An element could not be located on the page using the given search parameters.
For documentation on this error, please visit: https://www.selenium.dev/documentation/webdriver/troubleshooting/errors#no-such-element-exception
Build info: version: &amp;apos;4.22.0&amp;apos;, revision: &amp;apos;c5f3146703*&amp;apos;
System info: os.name: &amp;apos;Windows 10&amp;apos;, os.arch: &amp;apos;amd64&amp;apos;, os.version: &amp;apos;10.0&amp;apos;, java.version: &amp;apos;17.0.2&amp;apos;
Driver info: io.appium.java_client.android.AndroidDriver
Command: [ed3fbbb4-1c3b-4627-981e-944df832f3d7, findElement {value=//android.widget.Button[@content-desc=&amp;quot;Reschedule&amp;quot;]
, using=xpath}]
Capabilities {appium:appActivity: com.techspiration.dgcustome..., appium:appPackage: com.techspiration.dgcustomer, appium:automationName: UiAutomator2, appium:databaseEnabled: false, appium:desired: {appActivity: com.techspiration.dgcustome..., appPackage: com.techspiration.dgcustomer, automationName: UiAutomator2, deviceName: Redmi Note 8 Pro, fullReset: false, ignoreHiddenApiPolicyError: true, noReset: true, platformName: ANDROID, platformVersion: 11, udid: 6h69rgroeqvkoz59}, appium:deviceApiLevel: 30, appium:deviceManufacturer: Xiaomi, appium:deviceModel: Redmi Note 8 Pro, appium:deviceName: 6h69rgroeqvkoz59, appium:deviceScreenDensity: 440, appium:deviceScreenSize: 1080x2340, appium:deviceUDID: 6h69rgroeqvkoz59, appium:fullReset: false, appium:ignoreHiddenApiPolicyError: true, appium:javascriptEnabled: true, appium:locationContextEnabled: false, appium:networkConnectionEnabled: true, appium:noReset: true, appium:pixelRatio: 2.75, appium:platformVersion: 11, appium:statBarHeight: 76, appium:takesScreenshot: true, appium:udid: 6h69rgroeqvkoz59, appium:viewportRect: {height: 2264, left: 0, top: 76, width: 1080}, appium:warnings: {}, appium:webStorageEnabled: false, platformName: ANDROID}
Session ID: ed3fbbb4-1c3b-4627-981e-944df832f3d7">
      <![CDATA[org.openqa.selenium.NoSuchElementException: An element could not be located on the page using the given search parameters.
For documentation on this error, please visit: https://www.selenium.dev/documentation/webdriver/troubleshooting/errors#no-such-element-exception
Build info: version: '4.22.0', revision: 'c5f3146703*'
System info: os.name: 'Windows 10', os.arch: 'amd64', os.version: '10.0', java.version: '17.0.2'
Driver info: io.appium.java_client.android.AndroidDriver
Command: [ed3fbbb4-1c3b-4627-981e-944df832f3d7, findElement {value=//android.widget.Button[@content-desc="Reschedule"]
, using=xpath}]
Capabilities {appium:appActivity: com.techspiration.dgcustome..., appium:appPackage: com.techspiration.dgcustomer, appium:automationName: UiAutomator2, appium:databaseEnabled: false, appium:desired: {appActivity: com.techspiration.dgcustome..., appPackage: com.techspiration.dgcustomer, automationName: UiAutomator2, deviceName: Redmi Note 8 Pro, fullReset: false, ignoreHiddenApiPolicyError: true, noReset: true, platformName: ANDROID, platformVersion: 11, udid: 6h69rgroeqvkoz59}, appium:deviceApiLevel: 30, appium:deviceManufacturer: Xiaomi, appium:deviceModel: Redmi Note 8 Pro, appium:deviceName: 6h69rgroeqvkoz59, appium:deviceScreenDensity: 440, appium:deviceScreenSize: 1080x2340, appium:deviceUDID: 6h69rgroeqvkoz59, appium:fullReset: false, appium:ignoreHiddenApiPolicyError: true, appium:javascriptEnabled: true, appium:locationContextEnabled: false, appium:networkConnectionEnabled: true, appium:noReset: true, appium:pixelRatio: 2.75, appium:platformVersion: 11, appium:statBarHeight: 76, appium:takesScreenshot: true, appium:udid: 6h69rgroeqvkoz59, appium:viewportRect: {height: 2264, left: 0, top: 76, width: 1080}, appium:warnings: {}, appium:webStorageEnabled: false, platformName: ANDROID}
Session ID: ed3fbbb4-1c3b-4627-981e-944df832f3d7
at org.openqa.selenium.remote.ErrorCodec.decode(ErrorCodec.java:167)
at org.openqa.selenium.remote.codec.w3c.W3CHttpResponseCodec.decode(W3CHttpResponseCodec.java:138)
at org.openqa.selenium.remote.codec.w3c.W3CHttpResponseCodec.decode(W3CHttpResponseCodec.java:50)
at org.openqa.selenium.remote.HttpCommandExecutor.execute(HttpCommandExecutor.java:190)
at io.appium.java_client.remote.AppiumCommandExecutor.execute(AppiumCommandExecutor.java:237)
at org.openqa.selenium.remote.RemoteWebDriver.execute(RemoteWebDriver.java:518)
at org.openqa.selenium.remote.ElementLocation$ElementFinder$2.findElement(ElementLocation.java:165)
at org.openqa.selenium.remote.ElementLocation.findElement(ElementLocation.java:59)
at org.openqa.selenium.remote.RemoteWebDriver.findElement(RemoteWebDriver.java:355)
at org.openqa.selenium.remote.RemoteWebDriver.findElement(RemoteWebDriver.java:349)
at com.dgcustomer.payload.OutStationRoundTrip.clickRescheduleBtn(OutStationRoundTrip.java:119)
at com.dgcustomer.testScript.OutStationRoundTriptest.testOutStationRoundTripReschedule(OutStationRoundTriptest.java:46)
at java.base/java.util.ArrayList.forEach(ArrayList.java:1511)
... Removed 32 stack frames]]>
    </failure>
  </testcase> <!-- testOutStationRoundTripReschedule -->
  <testcase classname="com.dgcustomer.testScript.OutStationRoundTriptest" name="testOutStationRoundTripCancel" time="2.984">
    <failure type="org.openqa.selenium.NoSuchElementException" message="An element could not be located on the page using the given search parameters.
For documentation on this error, please visit: https://www.selenium.dev/documentation/webdriver/troubleshooting/errors#no-such-element-exception
Build info: version: &amp;apos;4.22.0&amp;apos;, revision: &amp;apos;c5f3146703*&amp;apos;
System info: os.name: &amp;apos;Windows 10&amp;apos;, os.arch: &amp;apos;amd64&amp;apos;, os.version: &amp;apos;10.0&amp;apos;, java.version: &amp;apos;17.0.2&amp;apos;
Driver info: io.appium.java_client.android.AndroidDriver
Command: [ed3fbbb4-1c3b-4627-981e-944df832f3d7, findElement {value=//android.widget.Button[@content-desc=&amp;quot;Cancel&amp;quot;], using=xpath}]
Capabilities {appium:appActivity: com.techspiration.dgcustome..., appium:appPackage: com.techspiration.dgcustomer, appium:automationName: UiAutomator2, appium:databaseEnabled: false, appium:desired: {appActivity: com.techspiration.dgcustome..., appPackage: com.techspiration.dgcustomer, automationName: UiAutomator2, deviceName: Redmi Note 8 Pro, fullReset: false, ignoreHiddenApiPolicyError: true, noReset: true, platformName: ANDROID, platformVersion: 11, udid: 6h69rgroeqvkoz59}, appium:deviceApiLevel: 30, appium:deviceManufacturer: Xiaomi, appium:deviceModel: Redmi Note 8 Pro, appium:deviceName: 6h69rgroeqvkoz59, appium:deviceScreenDensity: 440, appium:deviceScreenSize: 1080x2340, appium:deviceUDID: 6h69rgroeqvkoz59, appium:fullReset: false, appium:ignoreHiddenApiPolicyError: true, appium:javascriptEnabled: true, appium:locationContextEnabled: false, appium:networkConnectionEnabled: true, appium:noReset: true, appium:pixelRatio: 2.75, appium:platformVersion: 11, appium:statBarHeight: 76, appium:takesScreenshot: true, appium:udid: 6h69rgroeqvkoz59, appium:viewportRect: {height: 2264, left: 0, top: 76, width: 1080}, appium:warnings: {}, appium:webStorageEnabled: false, platformName: ANDROID}
Session ID: ed3fbbb4-1c3b-4627-981e-944df832f3d7">
      <![CDATA[org.openqa.selenium.NoSuchElementException: An element could not be located on the page using the given search parameters.
For documentation on this error, please visit: https://www.selenium.dev/documentation/webdriver/troubleshooting/errors#no-such-element-exception
Build info: version: '4.22.0', revision: 'c5f3146703*'
System info: os.name: 'Windows 10', os.arch: 'amd64', os.version: '10.0', java.version: '17.0.2'
Driver info: io.appium.java_client.android.AndroidDriver
Command: [ed3fbbb4-1c3b-4627-981e-944df832f3d7, findElement {value=//android.widget.Button[@content-desc="Cancel"], using=xpath}]
Capabilities {appium:appActivity: com.techspiration.dgcustome..., appium:appPackage: com.techspiration.dgcustomer, appium:automationName: UiAutomator2, appium:databaseEnabled: false, appium:desired: {appActivity: com.techspiration.dgcustome..., appPackage: com.techspiration.dgcustomer, automationName: UiAutomator2, deviceName: Redmi Note 8 Pro, fullReset: false, ignoreHiddenApiPolicyError: true, noReset: true, platformName: ANDROID, platformVersion: 11, udid: 6h69rgroeqvkoz59}, appium:deviceApiLevel: 30, appium:deviceManufacturer: Xiaomi, appium:deviceModel: Redmi Note 8 Pro, appium:deviceName: 6h69rgroeqvkoz59, appium:deviceScreenDensity: 440, appium:deviceScreenSize: 1080x2340, appium:deviceUDID: 6h69rgroeqvkoz59, appium:fullReset: false, appium:ignoreHiddenApiPolicyError: true, appium:javascriptEnabled: true, appium:locationContextEnabled: false, appium:networkConnectionEnabled: true, appium:noReset: true, appium:pixelRatio: 2.75, appium:platformVersion: 11, appium:statBarHeight: 76, appium:takesScreenshot: true, appium:udid: 6h69rgroeqvkoz59, appium:viewportRect: {height: 2264, left: 0, top: 76, width: 1080}, appium:warnings: {}, appium:webStorageEnabled: false, platformName: ANDROID}
Session ID: ed3fbbb4-1c3b-4627-981e-944df832f3d7
at org.openqa.selenium.remote.ErrorCodec.decode(ErrorCodec.java:167)
at org.openqa.selenium.remote.codec.w3c.W3CHttpResponseCodec.decode(W3CHttpResponseCodec.java:138)
at org.openqa.selenium.remote.codec.w3c.W3CHttpResponseCodec.decode(W3CHttpResponseCodec.java:50)
at org.openqa.selenium.remote.HttpCommandExecutor.execute(HttpCommandExecutor.java:190)
at io.appium.java_client.remote.AppiumCommandExecutor.execute(AppiumCommandExecutor.java:237)
at org.openqa.selenium.remote.RemoteWebDriver.execute(RemoteWebDriver.java:518)
at org.openqa.selenium.remote.ElementLocation$ElementFinder$2.findElement(ElementLocation.java:165)
at org.openqa.selenium.remote.ElementLocation.findElement(ElementLocation.java:59)
at org.openqa.selenium.remote.RemoteWebDriver.findElement(RemoteWebDriver.java:355)
at org.openqa.selenium.remote.RemoteWebDriver.findElement(RemoteWebDriver.java:349)
at com.dgcustomer.payload.OutStationRoundTrip.clickCancelRide(OutStationRoundTrip.java:152)
at com.dgcustomer.testScript.OutStationRoundTriptest.testOutStationRoundTripCancel(OutStationRoundTriptest.java:65)
at java.base/java.util.ArrayList.forEach(ArrayList.java:1511)
... Removed 32 stack frames]]>
    </failure>
  </testcase> <!-- testOutStationRoundTripCancel -->
  <testcase classname="com.dgcustomer.base.BaseTest" name="@BeforeSuite setupReport" time="0.0">
    <ignored/>
  </testcase> <!-- @BeforeSuite setupReport -->
  <testcase classname="com.dgcustomer.base.BaseTest" name="@AfterSuite flushReport" time="0.0">
    <ignored/>
  </testcase> <!-- @AfterSuite flushReport -->
  <testcase classname="com.dgcustomer.base.BaseTest" name="@AfterSuite flushReport" time="0.0">
    <ignored/>
  </testcase> <!-- @AfterSuite flushReport -->
  <testcase classname="com.dgcustomer.base.BaseTest" name="@AfterSuite flushReport" time="0.0">
    <ignored/>
  </testcase> <!-- @AfterSuite flushReport -->
  <testcase classname="com.dgcustomer.base.BaseTest" name="@BeforeSuite setupReport" time="0.0">
    <ignored/>
  </testcase> <!-- @BeforeSuite setupReport -->
  <testcase classname="com.dgcustomer.base.BaseTest" name="@AfterSuite flushReport" time="0.0">
    <ignored/>
  </testcase> <!-- @AfterSuite flushReport -->
  <testcase classname="com.dgcustomer.base.BaseTest" name="@BeforeSuite setupReport" time="0.0">
    <ignored/>
  </testcase> <!-- @BeforeSuite setupReport -->
  <testcase classname="com.dgcustomer.base.BaseTest" name="@BeforeSuite setupReport" time="0.0">
    <ignored/>
  </testcase> <!-- @BeforeSuite setupReport -->
  <testcase classname="com.dgcustomer.base.BaseTest" name="@AfterSuite flushReport" time="0.0">
    <ignored/>
  </testcase> <!-- @AfterSuite flushReport -->
  <testcase classname="com.dgcustomer.base.BaseTest" name="@BeforeSuite setupReport" time="0.0">
    <ignored/>
  </testcase> <!-- @BeforeSuite setupReport -->
</testsuite> <!-- DriveGenie Tests -->
