<?xml version="1.0" encoding="UTF-8"?>
<testng-results ignored="0" total="18" passed="18" failed="0" skipped="0">
  <reporter-output>
  </reporter-output>
  <suite started-at="2025-11-26T16:05:02 IST" name="Default suite" finished-at="2025-11-26T16:06:59 IST" duration-ms="116247">
    <groups>
    </groups>
    <test started-at="2025-11-26T16:05:02 IST" name="Default test" finished-at="2025-11-26T16:06:59 IST" duration-ms="116247">
      <class name="com.dgcustomer.testScript.TC01_VerifyContentTest">
        <test-method is-config="true" signature="setupReport()[pri:0, instance:com.dgcustomer.testScript.TC01_VerifyContentTest@3f2ef586]" started-at="2025-11-26T16:05:01 IST" name="setupReport" finished-at="2025-11-26T16:05:02 IST" duration-ms="1223" status="PASS">
          <reporter-output>
          </reporter-output>
        </test-method> <!-- setupReport -->
        <test-method is-config="true" signature="setUp()[pri:0, instance:com.dgcustomer.testScript.TC01_VerifyContentTest@3f2ef586]" started-at="2025-11-26T16:05:02 IST" name="setUp" finished-at="2025-11-26T16:05:25 IST" duration-ms="22199" status="PASS">
          <reporter-output>
          </reporter-output>
        </test-method> <!-- setUp -->
        <test-method is-config="true" signature="startTest(java.lang.reflect.Method)[pri:0, instance:com.dgcustomer.testScript.TC01_VerifyContentTest@3f2ef586]" started-at="2025-11-26T16:05:25 IST" name="startTest" finished-at="2025-11-26T16:05:25 IST" duration-ms="35" status="PASS">
          <params>
            <param index="0">
              <value>
                <![CDATA[public void com.dgcustomer.testScript.TC01_VerifyContentTest.testEnterMobileNumber()]]>
              </value>
            </param>
          </params>
          <reporter-output>
          </reporter-output>
        </test-method> <!-- startTest -->
        <test-method signature="testEnterMobileNumber()[pri:1, instance:com.dgcustomer.testScript.TC01_VerifyContentTest@3f2ef586]" started-at="2025-11-26T16:05:25 IST" name="testEnterMobileNumber" finished-at="2025-11-26T16:05:34 IST" duration-ms="8808" status="PASS">
          <reporter-output>
          </reporter-output>
        </test-method> <!-- testEnterMobileNumber -->
        <test-method is-config="true" signature="captureResult(org.testng.ITestResult)[pri:0, instance:com.dgcustomer.testScript.TC01_VerifyContentTest@3f2ef586]" started-at="2025-11-26T16:05:34 IST" name="captureResult" finished-at="2025-11-26T16:05:34 IST" duration-ms="21" status="PASS">
          <params>
            <param index="0">
              <value>
                <![CDATA[[TestResult name=testEnterMobileNumber status=SUCCESS method=TC01_VerifyContentTest.testEnterMobileNumber()[pri:1, instance:com.dgcustomer.testScript.TC01_VerifyContentTest@3f2ef586] output={null}]]]>
              </value>
            </param>
          </params>
          <reporter-output>
          </reporter-output>
        </test-method> <!-- captureResult -->
        <test-method is-config="true" signature="startTest(java.lang.reflect.Method)[pri:0, instance:com.dgcustomer.testScript.TC01_VerifyContentTest@3f2ef586]" started-at="2025-11-26T16:05:34 IST" name="startTest" finished-at="2025-11-26T16:05:34 IST" duration-ms="2" status="PASS">
          <params>
            <param index="0">
              <value>
                <![CDATA[public void com.dgcustomer.testScript.TC01_VerifyContentTest.testClickLogin()]]>
              </value>
            </param>
          </params>
          <reporter-output>
          </reporter-output>
        </test-method> <!-- startTest -->
        <test-method signature="testClickLogin()[pri:2, instance:com.dgcustomer.testScript.TC01_VerifyContentTest@3f2ef586]" started-at="2025-11-26T16:05:34 IST" name="testClickLogin" finished-at="2025-11-26T16:05:37 IST" duration-ms="3171" status="PASS">
          <reporter-output>
          </reporter-output>
        </test-method> <!-- testClickLogin -->
        <test-method is-config="true" signature="captureResult(org.testng.ITestResult)[pri:0, instance:com.dgcustomer.testScript.TC01_VerifyContentTest@3f2ef586]" started-at="2025-11-26T16:05:37 IST" name="captureResult" finished-at="2025-11-26T16:05:37 IST" duration-ms="3" status="PASS">
          <params>
            <param index="0">
              <value>
                <![CDATA[[TestResult name=testClickLogin status=SUCCESS method=TC01_VerifyContentTest.testClickLogin()[pri:2, instance:com.dgcustomer.testScript.TC01_VerifyContentTest@3f2ef586] output={null}]]]>
              </value>
            </param>
          </params>
          <reporter-output>
          </reporter-output>
        </test-method> <!-- captureResult -->
        <test-method is-config="true" signature="startTest(java.lang.reflect.Method)[pri:0, instance:com.dgcustomer.testScript.TC01_VerifyContentTest@3f2ef586]" started-at="2025-11-26T16:05:37 IST" name="startTest" finished-at="2025-11-26T16:05:37 IST" duration-ms="1" status="PASS">
          <params>
            <param index="0">
              <value>
                <![CDATA[public void com.dgcustomer.testScript.TC01_VerifyContentTest.testOtpVerificationAndVerify()]]>
              </value>
            </param>
          </params>
          <reporter-output>
          </reporter-output>
        </test-method> <!-- startTest -->
        <test-method signature="testOtpVerificationAndVerify()[pri:3, instance:com.dgcustomer.testScript.TC01_VerifyContentTest@3f2ef586]" started-at="2025-11-26T16:05:37 IST" name="testOtpVerificationAndVerify" finished-at="2025-11-26T16:05:58 IST" duration-ms="21629" status="PASS">
          <reporter-output>
          </reporter-output>
        </test-method> <!-- testOtpVerificationAndVerify -->
        <test-method is-config="true" signature="captureResult(org.testng.ITestResult)[pri:0, instance:com.dgcustomer.testScript.TC01_VerifyContentTest@3f2ef586]" started-at="2025-11-26T16:05:58 IST" name="captureResult" finished-at="2025-11-26T16:05:58 IST" duration-ms="3" status="PASS">
          <params>
            <param index="0">
              <value>
                <![CDATA[[TestResult name=testOtpVerificationAndVerify status=SUCCESS method=TC01_VerifyContentTest.testOtpVerificationAndVerify()[pri:3, instance:com.dgcustomer.testScript.TC01_VerifyContentTest@3f2ef586] output={null}]]]>
              </value>
            </param>
          </params>
          <reporter-output>
          </reporter-output>
        </test-method> <!-- captureResult -->
        <test-method is-config="true" signature="startTest(java.lang.reflect.Method)[pri:0, instance:com.dgcustomer.testScript.TC01_VerifyContentTest@3f2ef586]" started-at="2025-11-26T16:05:58 IST" name="startTest" finished-at="2025-11-26T16:05:58 IST" duration-ms="1" status="PASS">
          <params>
            <param index="0">
              <value>
                <![CDATA[public void com.dgcustomer.testScript.TC01_VerifyContentTest.testWelcomeMessage() throws java.lang.Exception]]>
              </value>
            </param>
          </params>
          <reporter-output>
          </reporter-output>
        </test-method> <!-- startTest -->
        <test-method signature="testWelcomeMessage()[pri:4, instance:com.dgcustomer.testScript.TC01_VerifyContentTest@3f2ef586]" started-at="2025-11-26T16:05:58 IST" name="testWelcomeMessage" finished-at="2025-11-26T16:06:07 IST" duration-ms="8376" status="PASS">
          <reporter-output>
          </reporter-output>
        </test-method> <!-- testWelcomeMessage -->
        <test-method is-config="true" signature="captureResult(org.testng.ITestResult)[pri:0, instance:com.dgcustomer.testScript.TC01_VerifyContentTest@3f2ef586]" started-at="2025-11-26T16:06:07 IST" name="captureResult" finished-at="2025-11-26T16:06:07 IST" duration-ms="1" status="PASS">
          <params>
            <param index="0">
              <value>
                <![CDATA[[TestResult name=testWelcomeMessage status=SUCCESS method=TC01_VerifyContentTest.testWelcomeMessage()[pri:4, instance:com.dgcustomer.testScript.TC01_VerifyContentTest@3f2ef586] output={null}]]]>
              </value>
            </param>
          </params>
          <reporter-output>
          </reporter-output>
        </test-method> <!-- captureResult -->
        <test-method is-config="true" signature="startTest(java.lang.reflect.Method)[pri:0, instance:com.dgcustomer.testScript.TC01_VerifyContentTest@3f2ef586]" started-at="2025-11-26T16:06:07 IST" name="startTest" finished-at="2025-11-26T16:06:07 IST" duration-ms="2" status="PASS">
          <params>
            <param index="0">
              <value>
                <![CDATA[public void com.dgcustomer.testScript.TC01_VerifyContentTest.testOneWayContent() throws java.lang.Exception]]>
              </value>
            </param>
          </params>
          <reporter-output>
          </reporter-output>
        </test-method> <!-- startTest -->
        <test-method signature="testOneWayContent()[pri:5, instance:com.dgcustomer.testScript.TC01_VerifyContentTest@3f2ef586]" started-at="2025-11-26T16:06:07 IST" name="testOneWayContent" finished-at="2025-11-26T16:06:10 IST" duration-ms="3376" status="PASS">
          <reporter-output>
          </reporter-output>
        </test-method> <!-- testOneWayContent -->
        <test-method is-config="true" signature="captureResult(org.testng.ITestResult)[pri:0, instance:com.dgcustomer.testScript.TC01_VerifyContentTest@3f2ef586]" started-at="2025-11-26T16:06:10 IST" name="captureResult" finished-at="2025-11-26T16:06:10 IST" duration-ms="4" status="PASS">
          <params>
            <param index="0">
              <value>
                <![CDATA[[TestResult name=testOneWayContent status=SUCCESS method=TC01_VerifyContentTest.testOneWayContent()[pri:5, instance:com.dgcustomer.testScript.TC01_VerifyContentTest@3f2ef586] output={null}]]]>
              </value>
            </param>
          </params>
          <reporter-output>
          </reporter-output>
        </test-method> <!-- captureResult -->
        <test-method is-config="true" signature="startTest(java.lang.reflect.Method)[pri:0, instance:com.dgcustomer.testScript.TC01_VerifyContentTest@3f2ef586]" started-at="2025-11-26T16:06:10 IST" name="startTest" finished-at="2025-11-26T16:06:10 IST" duration-ms="2" status="PASS">
          <params>
            <param index="0">
              <value>
                <![CDATA[public void com.dgcustomer.testScript.TC01_VerifyContentTest.testRoundTripContent() throws java.lang.Exception]]>
              </value>
            </param>
          </params>
          <reporter-output>
          </reporter-output>
        </test-method> <!-- startTest -->
        <test-method signature="testRoundTripContent()[pri:6, instance:com.dgcustomer.testScript.TC01_VerifyContentTest@3f2ef586]" started-at="2025-11-26T16:06:10 IST" name="testRoundTripContent" finished-at="2025-11-26T16:06:14 IST" duration-ms="3447" status="PASS">
          <reporter-output>
          </reporter-output>
        </test-method> <!-- testRoundTripContent -->
        <test-method is-config="true" signature="captureResult(org.testng.ITestResult)[pri:0, instance:com.dgcustomer.testScript.TC01_VerifyContentTest@3f2ef586]" started-at="2025-11-26T16:06:14 IST" name="captureResult" finished-at="2025-11-26T16:06:14 IST" duration-ms="3" status="PASS">
          <params>
            <param index="0">
              <value>
                <![CDATA[[TestResult name=testRoundTripContent status=SUCCESS method=TC01_VerifyContentTest.testRoundTripContent()[pri:6, instance:com.dgcustomer.testScript.TC01_VerifyContentTest@3f2ef586] output={null}]]]>
              </value>
            </param>
          </params>
          <reporter-output>
          </reporter-output>
        </test-method> <!-- captureResult -->
        <test-method is-config="true" signature="startTest(java.lang.reflect.Method)[pri:0, instance:com.dgcustomer.testScript.TC01_VerifyContentTest@3f2ef586]" started-at="2025-11-26T16:06:14 IST" name="startTest" finished-at="2025-11-26T16:06:14 IST" duration-ms="3" status="PASS">
          <params>
            <param index="0">
              <value>
                <![CDATA[public void com.dgcustomer.testScript.TC01_VerifyContentTest.testOutStationContent() throws java.lang.Exception]]>
              </value>
            </param>
          </params>
          <reporter-output>
          </reporter-output>
        </test-method> <!-- startTest -->
        <test-method signature="testOutStationContent()[pri:7, instance:com.dgcustomer.testScript.TC01_VerifyContentTest@3f2ef586]" started-at="2025-11-26T16:06:14 IST" name="testOutStationContent" finished-at="2025-11-26T16:06:19 IST" duration-ms="5353" status="PASS">
          <reporter-output>
          </reporter-output>
        </test-method> <!-- testOutStationContent -->
        <test-method is-config="true" signature="captureResult(org.testng.ITestResult)[pri:0, instance:com.dgcustomer.testScript.TC01_VerifyContentTest@3f2ef586]" started-at="2025-11-26T16:06:19 IST" name="captureResult" finished-at="2025-11-26T16:06:19 IST" duration-ms="1" status="PASS">
          <params>
            <param index="0">
              <value>
                <![CDATA[[TestResult name=testOutStationContent status=SUCCESS method=TC01_VerifyContentTest.testOutStationContent()[pri:7, instance:com.dgcustomer.testScript.TC01_VerifyContentTest@3f2ef586] output={null}]]]>
              </value>
            </param>
          </params>
          <reporter-output>
          </reporter-output>
        </test-method> <!-- captureResult -->
        <test-method is-config="true" signature="startTest(java.lang.reflect.Method)[pri:0, instance:com.dgcustomer.testScript.TC01_VerifyContentTest@3f2ef586]" started-at="2025-11-26T16:06:19 IST" name="startTest" finished-at="2025-11-26T16:06:19 IST" duration-ms="4" status="PASS">
          <params>
            <param index="0">
              <value>
                <![CDATA[public void com.dgcustomer.testScript.TC01_VerifyContentTest.testPickUpLocationContent() throws java.lang.Exception]]>
              </value>
            </param>
          </params>
          <reporter-output>
          </reporter-output>
        </test-method> <!-- startTest -->
        <test-method signature="testPickUpLocationContent()[pri:8, instance:com.dgcustomer.testScript.TC01_VerifyContentTest@3f2ef586]" started-at="2025-11-26T16:06:19 IST" name="testPickUpLocationContent" finished-at="2025-11-26T16:06:23 IST" duration-ms="3507" status="PASS">
          <reporter-output>
          </reporter-output>
        </test-method> <!-- testPickUpLocationContent -->
        <test-method is-config="true" signature="captureResult(org.testng.ITestResult)[pri:0, instance:com.dgcustomer.testScript.TC01_VerifyContentTest@3f2ef586]" started-at="2025-11-26T16:06:23 IST" name="captureResult" finished-at="2025-11-26T16:06:23 IST" duration-ms="2" status="PASS">
          <params>
            <param index="0">
              <value>
                <![CDATA[[TestResult name=testPickUpLocationContent status=SUCCESS method=TC01_VerifyContentTest.testPickUpLocationContent()[pri:8, instance:com.dgcustomer.testScript.TC01_VerifyContentTest@3f2ef586] output={null}]]]>
              </value>
            </param>
          </params>
          <reporter-output>
          </reporter-output>
        </test-method> <!-- captureResult -->
        <test-method is-config="true" signature="startTest(java.lang.reflect.Method)[pri:0, instance:com.dgcustomer.testScript.TC01_VerifyContentTest@3f2ef586]" started-at="2025-11-26T16:06:23 IST" name="startTest" finished-at="2025-11-26T16:06:23 IST" duration-ms="2" status="PASS">
          <params>
            <param index="0">
              <value>
                <![CDATA[public void com.dgcustomer.testScript.TC01_VerifyContentTest.testHireDriverContent() throws java.lang.Exception]]>
              </value>
            </param>
          </params>
          <reporter-output>
          </reporter-output>
        </test-method> <!-- startTest -->
        <test-method signature="testHireDriverContent()[pri:9, instance:com.dgcustomer.testScript.TC01_VerifyContentTest@3f2ef586]" started-at="2025-11-26T16:06:23 IST" name="testHireDriverContent" finished-at="2025-11-26T16:06:26 IST" duration-ms="3362" status="PASS">
          <reporter-output>
          </reporter-output>
        </test-method> <!-- testHireDriverContent -->
        <test-method is-config="true" signature="captureResult(org.testng.ITestResult)[pri:0, instance:com.dgcustomer.testScript.TC01_VerifyContentTest@3f2ef586]" started-at="2025-11-26T16:06:26 IST" name="captureResult" finished-at="2025-11-26T16:06:26 IST" duration-ms="6" status="PASS">
          <params>
            <param index="0">
              <value>
                <![CDATA[[TestResult name=testHireDriverContent status=SUCCESS method=TC01_VerifyContentTest.testHireDriverContent()[pri:9, instance:com.dgcustomer.testScript.TC01_VerifyContentTest@3f2ef586] output={null}]]]>
              </value>
            </param>
          </params>
          <reporter-output>
          </reporter-output>
        </test-method> <!-- captureResult -->
        <test-method is-config="true" signature="startTest(java.lang.reflect.Method)[pri:0, instance:com.dgcustomer.testScript.TC01_VerifyContentTest@3f2ef586]" started-at="2025-11-26T16:06:26 IST" name="startTest" finished-at="2025-11-26T16:06:26 IST" duration-ms="3" status="PASS">
          <params>
            <param index="0">
              <value>
                <![CDATA[public void com.dgcustomer.testScript.TC01_VerifyContentTest.testCarWashContent() throws java.lang.Exception]]>
              </value>
            </param>
          </params>
          <reporter-output>
          </reporter-output>
        </test-method> <!-- startTest -->
        <test-method signature="testCarWashContent()[pri:10, instance:com.dgcustomer.testScript.TC01_VerifyContentTest@3f2ef586]" started-at="2025-11-26T16:06:26 IST" name="testCarWashContent" finished-at="2025-11-26T16:06:30 IST" duration-ms="3899" status="PASS">
          <reporter-output>
          </reporter-output>
        </test-method> <!-- testCarWashContent -->
        <test-method is-config="true" signature="captureResult(org.testng.ITestResult)[pri:0, instance:com.dgcustomer.testScript.TC01_VerifyContentTest@3f2ef586]" started-at="2025-11-26T16:06:30 IST" name="captureResult" finished-at="2025-11-26T16:06:30 IST" duration-ms="2" status="PASS">
          <params>
            <param index="0">
              <value>
                <![CDATA[[TestResult name=testCarWashContent status=SUCCESS method=TC01_VerifyContentTest.testCarWashContent()[pri:10, instance:com.dgcustomer.testScript.TC01_VerifyContentTest@3f2ef586] output={null}]]]>
              </value>
            </param>
          </params>
          <reporter-output>
          </reporter-output>
        </test-method> <!-- captureResult -->
        <test-method is-config="true" signature="startTest(java.lang.reflect.Method)[pri:0, instance:com.dgcustomer.testScript.TC01_VerifyContentTest@3f2ef586]" started-at="2025-11-26T16:06:30 IST" name="startTest" finished-at="2025-11-26T16:06:30 IST" duration-ms="11" status="PASS">
          <params>
            <param index="0">
              <value>
                <![CDATA[public void com.dgcustomer.testScript.TC01_VerifyContentTest.testCarServiceContent() throws java.lang.Exception]]>
              </value>
            </param>
          </params>
          <reporter-output>
          </reporter-output>
        </test-method> <!-- startTest -->
        <test-method signature="testCarServiceContent()[pri:11, instance:com.dgcustomer.testScript.TC01_VerifyContentTest@3f2ef586]" started-at="2025-11-26T16:06:30 IST" name="testCarServiceContent" finished-at="2025-11-26T16:06:33 IST" duration-ms="3502" status="PASS">
          <reporter-output>
          </reporter-output>
        </test-method> <!-- testCarServiceContent -->
        <test-method is-config="true" signature="captureResult(org.testng.ITestResult)[pri:0, instance:com.dgcustomer.testScript.TC01_VerifyContentTest@3f2ef586]" started-at="2025-11-26T16:06:33 IST" name="captureResult" finished-at="2025-11-26T16:06:33 IST" duration-ms="10" status="PASS">
          <params>
            <param index="0">
              <value>
                <![CDATA[[TestResult name=testCarServiceContent status=SUCCESS method=TC01_VerifyContentTest.testCarServiceContent()[pri:11, instance:com.dgcustomer.testScript.TC01_VerifyContentTest@3f2ef586] output={null}]]]>
              </value>
            </param>
          </params>
          <reporter-output>
          </reporter-output>
        </test-method> <!-- captureResult -->
        <test-method is-config="true" signature="startTest(java.lang.reflect.Method)[pri:0, instance:com.dgcustomer.testScript.TC01_VerifyContentTest@3f2ef586]" started-at="2025-11-26T16:06:33 IST" name="startTest" finished-at="2025-11-26T16:06:33 IST" duration-ms="3" status="PASS">
          <params>
            <param index="0">
              <value>
                <![CDATA[public void com.dgcustomer.testScript.TC01_VerifyContentTest.testDgWalletContent() throws java.lang.Exception]]>
              </value>
            </param>
          </params>
          <reporter-output>
          </reporter-output>
        </test-method> <!-- startTest -->
        <test-method signature="testDgWalletContent()[pri:12, instance:com.dgcustomer.testScript.TC01_VerifyContentTest@3f2ef586]" started-at="2025-11-26T16:06:33 IST" name="testDgWalletContent" finished-at="2025-11-26T16:06:38 IST" duration-ms="4367" status="PASS">
          <reporter-output>
          </reporter-output>
        </test-method> <!-- testDgWalletContent -->
        <test-method is-config="true" signature="captureResult(org.testng.ITestResult)[pri:0, instance:com.dgcustomer.testScript.TC01_VerifyContentTest@3f2ef586]" started-at="2025-11-26T16:06:38 IST" name="captureResult" finished-at="2025-11-26T16:06:38 IST" duration-ms="5" status="PASS">
          <params>
            <param index="0">
              <value>
                <![CDATA[[TestResult name=testDgWalletContent status=SUCCESS method=TC01_VerifyContentTest.testDgWalletContent()[pri:12, instance:com.dgcustomer.testScript.TC01_VerifyContentTest@3f2ef586] output={null}]]]>
              </value>
            </param>
          </params>
          <reporter-output>
          </reporter-output>
        </test-method> <!-- captureResult -->
        <test-method is-config="true" signature="startTest(java.lang.reflect.Method)[pri:0, instance:com.dgcustomer.testScript.TC01_VerifyContentTest@3f2ef586]" started-at="2025-11-26T16:06:38 IST" name="startTest" finished-at="2025-11-26T16:06:38 IST" duration-ms="4" status="PASS">
          <params>
            <param index="0">
              <value>
                <![CDATA[public void com.dgcustomer.testScript.TC01_VerifyContentTest.testDgCoinsContent() throws java.lang.Exception]]>
              </value>
            </param>
          </params>
          <reporter-output>
          </reporter-output>
        </test-method> <!-- startTest -->
        <test-method signature="testDgCoinsContent()[pri:13, instance:com.dgcustomer.testScript.TC01_VerifyContentTest@3f2ef586]" started-at="2025-11-26T16:06:38 IST" name="testDgCoinsContent" finished-at="2025-11-26T16:06:41 IST" duration-ms="3286" status="PASS">
          <reporter-output>
          </reporter-output>
        </test-method> <!-- testDgCoinsContent -->
        <test-method is-config="true" signature="captureResult(org.testng.ITestResult)[pri:0, instance:com.dgcustomer.testScript.TC01_VerifyContentTest@3f2ef586]" started-at="2025-11-26T16:06:41 IST" name="captureResult" finished-at="2025-11-26T16:06:41 IST" duration-ms="2" status="PASS">
          <params>
            <param index="0">
              <value>
                <![CDATA[[TestResult name=testDgCoinsContent status=SUCCESS method=TC01_VerifyContentTest.testDgCoinsContent()[pri:13, instance:com.dgcustomer.testScript.TC01_VerifyContentTest@3f2ef586] output={null}]]]>
              </value>
            </param>
          </params>
          <reporter-output>
          </reporter-output>
        </test-method> <!-- captureResult -->
        <test-method is-config="true" signature="startTest(java.lang.reflect.Method)[pri:0, instance:com.dgcustomer.testScript.TC01_VerifyContentTest@3f2ef586]" started-at="2025-11-26T16:06:41 IST" name="startTest" finished-at="2025-11-26T16:06:41 IST" duration-ms="6" status="PASS">
          <params>
            <param index="0">
              <value>
                <![CDATA[public void com.dgcustomer.testScript.TC01_VerifyContentTest.testSaveAddressContent() throws java.lang.Exception]]>
              </value>
            </param>
          </params>
          <reporter-output>
          </reporter-output>
        </test-method> <!-- startTest -->
        <test-method signature="testSaveAddressContent()[pri:14, instance:com.dgcustomer.testScript.TC01_VerifyContentTest@3f2ef586]" started-at="2025-11-26T16:06:41 IST" name="testSaveAddressContent" finished-at="2025-11-26T16:06:45 IST" duration-ms="3339" status="PASS">
          <reporter-output>
          </reporter-output>
        </test-method> <!-- testSaveAddressContent -->
        <test-method is-config="true" signature="captureResult(org.testng.ITestResult)[pri:0, instance:com.dgcustomer.testScript.TC01_VerifyContentTest@3f2ef586]" started-at="2025-11-26T16:06:45 IST" name="captureResult" finished-at="2025-11-26T16:06:45 IST" duration-ms="4" status="PASS">
          <params>
            <param index="0">
              <value>
                <![CDATA[[TestResult name=testSaveAddressContent status=SUCCESS method=TC01_VerifyContentTest.testSaveAddressContent()[pri:14, instance:com.dgcustomer.testScript.TC01_VerifyContentTest@3f2ef586] output={null}]]]>
              </value>
            </param>
          </params>
          <reporter-output>
          </reporter-output>
        </test-method> <!-- captureResult -->
        <test-method is-config="true" signature="startTest(java.lang.reflect.Method)[pri:0, instance:com.dgcustomer.testScript.TC01_VerifyContentTest@3f2ef586]" started-at="2025-11-26T16:06:45 IST" name="startTest" finished-at="2025-11-26T16:06:45 IST" duration-ms="2" status="PASS">
          <params>
            <param index="0">
              <value>
                <![CDATA[public void com.dgcustomer.testScript.TC01_VerifyContentTest.testDgRewardContent() throws java.lang.Exception]]>
              </value>
            </param>
          </params>
          <reporter-output>
          </reporter-output>
        </test-method> <!-- startTest -->
        <test-method signature="testDgRewardContent()[pri:15, instance:com.dgcustomer.testScript.TC01_VerifyContentTest@3f2ef586]" started-at="2025-11-26T16:06:45 IST" name="testDgRewardContent" finished-at="2025-11-26T16:06:49 IST" duration-ms="3975" status="PASS">
          <reporter-output>
          </reporter-output>
        </test-method> <!-- testDgRewardContent -->
        <test-method is-config="true" signature="captureResult(org.testng.ITestResult)[pri:0, instance:com.dgcustomer.testScript.TC01_VerifyContentTest@3f2ef586]" started-at="2025-11-26T16:06:49 IST" name="captureResult" finished-at="2025-11-26T16:06:49 IST" duration-ms="2" status="PASS">
          <params>
            <param index="0">
              <value>
                <![CDATA[[TestResult name=testDgRewardContent status=SUCCESS method=TC01_VerifyContentTest.testDgRewardContent()[pri:15, instance:com.dgcustomer.testScript.TC01_VerifyContentTest@3f2ef586] output={null}]]]>
              </value>
            </param>
          </params>
          <reporter-output>
          </reporter-output>
        </test-method> <!-- captureResult -->
        <test-method is-config="true" signature="startTest(java.lang.reflect.Method)[pri:0, instance:com.dgcustomer.testScript.TC01_VerifyContentTest@3f2ef586]" started-at="2025-11-26T16:06:49 IST" name="startTest" finished-at="2025-11-26T16:06:49 IST" duration-ms="5" status="PASS">
          <params>
            <param index="0">
              <value>
                <![CDATA[public void com.dgcustomer.testScript.TC01_VerifyContentTest.testProfileClick() throws java.lang.Exception]]>
              </value>
            </param>
          </params>
          <reporter-output>
          </reporter-output>
        </test-method> <!-- startTest -->
        <test-method signature="testProfileClick()[pri:16, instance:com.dgcustomer.testScript.TC01_VerifyContentTest@3f2ef586]" started-at="2025-11-26T16:06:49 IST" name="testProfileClick" finished-at="2025-11-26T16:06:52 IST" duration-ms="3162" status="PASS">
          <reporter-output>
          </reporter-output>
        </test-method> <!-- testProfileClick -->
        <test-method is-config="true" signature="captureResult(org.testng.ITestResult)[pri:0, instance:com.dgcustomer.testScript.TC01_VerifyContentTest@3f2ef586]" started-at="2025-11-26T16:06:52 IST" name="captureResult" finished-at="2025-11-26T16:06:52 IST" duration-ms="3" status="PASS">
          <params>
            <param index="0">
              <value>
                <![CDATA[[TestResult name=testProfileClick status=SUCCESS method=TC01_VerifyContentTest.testProfileClick()[pri:16, instance:com.dgcustomer.testScript.TC01_VerifyContentTest@3f2ef586] output={null}]]]>
              </value>
            </param>
          </params>
          <reporter-output>
          </reporter-output>
        </test-method> <!-- captureResult -->
        <test-method is-config="true" signature="startTest(java.lang.reflect.Method)[pri:0, instance:com.dgcustomer.testScript.TC01_VerifyContentTest@3f2ef586]" started-at="2025-11-26T16:06:52 IST" name="startTest" finished-at="2025-11-26T16:06:52 IST" duration-ms="2" status="PASS">
          <params>
            <param index="0">
              <value>
                <![CDATA[public void com.dgcustomer.testScript.TC01_VerifyContentTest.settingtTest()]]>
              </value>
            </param>
          </params>
          <reporter-output>
          </reporter-output>
        </test-method> <!-- startTest -->
        <test-method signature="settingtTest()[pri:17, instance:com.dgcustomer.testScript.TC01_VerifyContentTest@3f2ef586]" started-at="2025-11-26T16:06:52 IST" name="settingtTest" finished-at="2025-11-26T16:06:53 IST" duration-ms="1286" status="PASS">
          <reporter-output>
          </reporter-output>
        </test-method> <!-- settingtTest -->
        <test-method is-config="true" signature="captureResult(org.testng.ITestResult)[pri:0, instance:com.dgcustomer.testScript.TC01_VerifyContentTest@3f2ef586]" started-at="2025-11-26T16:06:53 IST" name="captureResult" finished-at="2025-11-26T16:06:53 IST" duration-ms="3" status="PASS">
          <params>
            <param index="0">
              <value>
                <![CDATA[[TestResult name=settingtTest status=SUCCESS method=TC01_VerifyContentTest.settingtTest()[pri:17, instance:com.dgcustomer.testScript.TC01_VerifyContentTest@3f2ef586] output={null}]]]>
              </value>
            </param>
          </params>
          <reporter-output>
          </reporter-output>
        </test-method> <!-- captureResult -->
        <test-method is-config="true" signature="startTest(java.lang.reflect.Method)[pri:0, instance:com.dgcustomer.testScript.TC01_VerifyContentTest@3f2ef586]" started-at="2025-11-26T16:06:53 IST" name="startTest" finished-at="2025-11-26T16:06:53 IST" duration-ms="2" status="PASS">
          <params>
            <param index="0">
              <value>
                <![CDATA[public void com.dgcustomer.testScript.TC01_VerifyContentTest.logoutTest()]]>
              </value>
            </param>
          </params>
          <reporter-output>
          </reporter-output>
        </test-method> <!-- startTest -->
        <test-method signature="logoutTest()[pri:18, instance:com.dgcustomer.testScript.TC01_VerifyContentTest@3f2ef586]" started-at="2025-11-26T16:06:53 IST" name="logoutTest" finished-at="2025-11-26T16:06:57 IST" duration-ms="4355" status="PASS">
          <reporter-output>
          </reporter-output>
        </test-method> <!-- logoutTest -->
        <test-method is-config="true" signature="captureResult(org.testng.ITestResult)[pri:0, instance:com.dgcustomer.testScript.TC01_VerifyContentTest@3f2ef586]" started-at="2025-11-26T16:06:57 IST" name="captureResult" finished-at="2025-11-26T16:06:57 IST" duration-ms="6" status="PASS">
          <params>
            <param index="0">
              <value>
                <![CDATA[[TestResult name=logoutTest status=SUCCESS method=TC01_VerifyContentTest.logoutTest()[pri:18, instance:com.dgcustomer.testScript.TC01_VerifyContentTest@3f2ef586] output={null}]]]>
              </value>
            </param>
          </params>
          <reporter-output>
          </reporter-output>
        </test-method> <!-- captureResult -->
        <test-method is-config="true" signature="tearDown()[pri:0, instance:com.dgcustomer.testScript.TC01_VerifyContentTest@3f2ef586]" started-at="2025-11-26T16:06:57 IST" name="tearDown" finished-at="2025-11-26T16:06:59 IST" duration-ms="1146" status="PASS">
          <reporter-output>
          </reporter-output>
        </test-method> <!-- tearDown -->
        <test-method is-config="true" signature="flushReport()[pri:0, instance:com.dgcustomer.testScript.TC01_VerifyContentTest@3f2ef586]" started-at="2025-11-26T16:06:59 IST" name="flushReport" finished-at="2025-11-26T16:07:01 IST" duration-ms="1886" status="PASS">
          <reporter-output>
          </reporter-output>
        </test-method> <!-- flushReport -->
      </class> <!-- com.dgcustomer.testScript.TC01_VerifyContentTest -->
    </test> <!-- Default test -->
  </suite> <!-- Default suite -->
</testng-results>
