<?xml version="1.0" encoding="UTF-8"?>
<testng-results ignored="0" total="1" passed="0" failed="1" skipped="0">
  <reporter-output>
  </reporter-output>
  <suite started-at="2025-10-13T12:04:16 IST" name="Default suite" finished-at="2025-10-13T12:04:47 IST" duration-ms="31539">
    <groups>
    </groups>
    <test started-at="2025-10-13T12:04:16 IST" name="Default test" finished-at="2025-10-13T12:04:47 IST" duration-ms="31539">
      <class name="com.dgcustomer.testScript.RoundTripTest">
        <test-method is-config="true" signature="setupReport()[pri:0, instance:com.dgcustomer.testScript.RoundTripTest@7fd50002]" started-at="2025-10-13T12:04:14 IST" name="setupReport" finished-at="2025-10-13T12:04:16 IST" duration-ms="1329" status="PASS">
          <reporter-output>
          </reporter-output>
        </test-method> <!-- setupReport -->
        <test-method is-config="true" signature="setUp()[pri:0, instance:com.dgcustomer.testScript.RoundTripTest@7fd50002]" started-at="2025-10-13T12:04:16 IST" name="setUp" finished-at="2025-10-13T12:04:40 IST" duration-ms="23962" status="PASS">
          <reporter-output>
          </reporter-output>
        </test-method> <!-- setUp -->
        <test-method is-config="true" signature="startTest(java.lang.reflect.Method)[pri:0, instance:com.dgcustomer.testScript.RoundTripTest@7fd50002]" started-at="2025-10-13T12:04:40 IST" name="startTest" finished-at="2025-10-13T12:04:40 IST" duration-ms="27" status="PASS">
          <params>
            <param index="0">
              <value>
                <![CDATA[public void com.dgcustomer.testScript.RoundTripTest.testRescheduleRideForRoundTrip() throws java.lang.InterruptedException]]>
              </value>
            </param>
          </params>
          <reporter-output>
          </reporter-output>
        </test-method> <!-- startTest -->
        <test-method signature="testRescheduleRideForRoundTrip()[pri:2, instance:com.dgcustomer.testScript.RoundTripTest@7fd50002]" started-at="2025-10-13T12:04:40 IST" name="testRescheduleRideForRoundTrip" finished-at="2025-10-13T12:04:45 IST" duration-ms="4949" status="FAIL">
          <exception class="org.openqa.selenium.NoSuchElementException">
            <message>
              <![CDATA[An element could not be located on the page using the given search parameters.
For documentation on this error, please visit: https://www.selenium.dev/documentation/webdriver/troubleshooting/errors#no-such-element-exception
Build info: version: '4.22.0', revision: 'c5f3146703*'
System info: os.name: 'Windows 10', os.arch: 'amd64', os.version: '10.0', java.version: '17.0.2'
Driver info: io.appium.java_client.android.AndroidDriver
Command: [c9b2465b-8f34-4b2d-94de-eb7c36cd6f91, findElement {value=//android.widget.Button[@content-desc="Reschedule"]
, using=xpath}]
Capabilities {appium:appActivity: com.techspiration.dgcustome..., appium:appPackage: com.techspiration.dgcustomer, appium:automationName: UiAutomator2, appium:databaseEnabled: false, appium:desired: {appActivity: com.techspiration.dgcustome..., appPackage: com.techspiration.dgcustomer, automationName: UiAutomator2, deviceName: Redmi Note 8 Pro, fullReset: false, ignoreHiddenApiPolicyError: true, noReset: true, platformName: ANDROID, platformVersion: 11, udid: 6h69rgroeqvkoz59}, appium:deviceApiLevel: 30, appium:deviceManufacturer: Xiaomi, appium:deviceModel: Redmi Note 8 Pro, appium:deviceName: 6h69rgroeqvkoz59, appium:deviceScreenDensity: 440, appium:deviceScreenSize: 1080x2340, appium:deviceUDID: 6h69rgroeqvkoz59, appium:fullReset: false, appium:ignoreHiddenApiPolicyError: true, appium:javascriptEnabled: true, appium:locationContextEnabled: false, appium:networkConnectionEnabled: true, appium:noReset: true, appium:pixelRatio: 2.75, appium:platformVersion: 11, appium:statBarHeight: 76, appium:takesScreenshot: true, appium:udid: 6h69rgroeqvkoz59, appium:viewportRect: {height: 2264, left: 0, top: 76, width: 1080}, appium:warnings: {}, appium:webStorageEnabled: false, platformName: ANDROID}
Session ID: c9b2465b-8f34-4b2d-94de-eb7c36cd6f91]]>
            </message>
            <full-stacktrace>
              <![CDATA[org.openqa.selenium.NoSuchElementException: An element could not be located on the page using the given search parameters.
For documentation on this error, please visit: https://www.selenium.dev/documentation/webdriver/troubleshooting/errors#no-such-element-exception
Build info: version: '4.22.0', revision: 'c5f3146703*'
System info: os.name: 'Windows 10', os.arch: 'amd64', os.version: '10.0', java.version: '17.0.2'
Driver info: io.appium.java_client.android.AndroidDriver
Command: [c9b2465b-8f34-4b2d-94de-eb7c36cd6f91, findElement {value=//android.widget.Button[@content-desc="Reschedule"]
, using=xpath}]
Capabilities {appium:appActivity: com.techspiration.dgcustome..., appium:appPackage: com.techspiration.dgcustomer, appium:automationName: UiAutomator2, appium:databaseEnabled: false, appium:desired: {appActivity: com.techspiration.dgcustome..., appPackage: com.techspiration.dgcustomer, automationName: UiAutomator2, deviceName: Redmi Note 8 Pro, fullReset: false, ignoreHiddenApiPolicyError: true, noReset: true, platformName: ANDROID, platformVersion: 11, udid: 6h69rgroeqvkoz59}, appium:deviceApiLevel: 30, appium:deviceManufacturer: Xiaomi, appium:deviceModel: Redmi Note 8 Pro, appium:deviceName: 6h69rgroeqvkoz59, appium:deviceScreenDensity: 440, appium:deviceScreenSize: 1080x2340, appium:deviceUDID: 6h69rgroeqvkoz59, appium:fullReset: false, appium:ignoreHiddenApiPolicyError: true, appium:javascriptEnabled: true, appium:locationContextEnabled: false, appium:networkConnectionEnabled: true, appium:noReset: true, appium:pixelRatio: 2.75, appium:platformVersion: 11, appium:statBarHeight: 76, appium:takesScreenshot: true, appium:udid: 6h69rgroeqvkoz59, appium:viewportRect: {height: 2264, left: 0, top: 76, width: 1080}, appium:warnings: {}, appium:webStorageEnabled: false, platformName: ANDROID}
Session ID: c9b2465b-8f34-4b2d-94de-eb7c36cd6f91
at java.base/jdk.internal.reflect.NativeConstructorAccessorImpl.newInstance0(Native Method)
at java.base/jdk.internal.reflect.NativeConstructorAccessorImpl.newInstance(NativeConstructorAccessorImpl.java:77)
at java.base/jdk.internal.reflect.DelegatingConstructorAccessorImpl.newInstance(DelegatingConstructorAccessorImpl.java:45)
at java.base/java.lang.reflect.Constructor.newInstanceWithCaller(Constructor.java:499)
at java.base/java.lang.reflect.Constructor.newInstance(Constructor.java:480)
at org.openqa.selenium.remote.ErrorCodec.decode(ErrorCodec.java:167)
at org.openqa.selenium.remote.codec.w3c.W3CHttpResponseCodec.decode(W3CHttpResponseCodec.java:138)
at org.openqa.selenium.remote.codec.w3c.W3CHttpResponseCodec.decode(W3CHttpResponseCodec.java:50)
at org.openqa.selenium.remote.HttpCommandExecutor.execute(HttpCommandExecutor.java:190)
at io.appium.java_client.remote.AppiumCommandExecutor.execute(AppiumCommandExecutor.java:237)
at org.openqa.selenium.remote.RemoteWebDriver.execute(RemoteWebDriver.java:518)
at org.openqa.selenium.remote.ElementLocation$ElementFinder$2.findElement(ElementLocation.java:165)
at org.openqa.selenium.remote.ElementLocation.findElement(ElementLocation.java:59)
at org.openqa.selenium.remote.RemoteWebDriver.findElement(RemoteWebDriver.java:355)
at org.openqa.selenium.remote.RemoteWebDriver.findElement(RemoteWebDriver.java:349)
at com.dgcustomer.payload.RoundTrip.clickRescheduleBtn(RoundTrip.java:139)
at com.dgcustomer.testScript.RoundTripTest.testRescheduleRideForRoundTrip(RoundTripTest.java:46)
at java.base/jdk.internal.reflect.NativeMethodAccessorImpl.invoke0(Native Method)
at java.base/jdk.internal.reflect.NativeMethodAccessorImpl.invoke(NativeMethodAccessorImpl.java:77)
at java.base/jdk.internal.reflect.DelegatingMethodAccessorImpl.invoke(DelegatingMethodAccessorImpl.java:43)
at java.base/java.lang.reflect.Method.invoke(Method.java:568)
at org.testng.internal.invokers.MethodInvocationHelper.invokeMethod(MethodInvocationHelper.java:141)
at org.testng.internal.invokers.TestInvoker.invokeMethod(TestInvoker.java:686)
at org.testng.internal.invokers.TestInvoker.invokeTestMethod(TestInvoker.java:230)
at org.testng.internal.invokers.MethodRunner.runInSequence(MethodRunner.java:63)
at org.testng.internal.invokers.TestInvoker$MethodInvocationAgent.invoke(TestInvoker.java:992)
at org.testng.internal.invokers.TestInvoker.invokeTestMethods(TestInvoker.java:203)
at org.testng.internal.invokers.TestMethodWorker.invokeTestMethods(TestMethodWorker.java:154)
at org.testng.internal.invokers.TestMethodWorker.run(TestMethodWorker.java:134)
at java.base/java.util.ArrayList.forEach(ArrayList.java:1511)
at org.testng.TestRunner.privateRun(TestRunner.java:739)
at org.testng.TestRunner.run(TestRunner.java:614)
at org.testng.SuiteRunner.runTest(SuiteRunner.java:421)
at org.testng.SuiteRunner.runSequentially(SuiteRunner.java:413)
at org.testng.SuiteRunner.privateRun(SuiteRunner.java:373)
at org.testng.SuiteRunner.run(SuiteRunner.java:312)
at org.testng.SuiteRunnerWorker.runSuite(SuiteRunnerWorker.java:52)
at org.testng.SuiteRunnerWorker.run(SuiteRunnerWorker.java:95)
at org.testng.TestNG.runSuitesSequentially(TestNG.java:1274)
at org.testng.TestNG.runSuitesLocally(TestNG.java:1208)
at org.testng.TestNG.runSuites(TestNG.java:1112)
at org.testng.TestNG.run(TestNG.java:1079)
at org.testng.remote.AbstractRemoteTestNG.run(AbstractRemoteTestNG.java:115)
at org.testng.remote.RemoteTestNG.initAndRun(RemoteTestNG.java:293)
at org.testng.remote.RemoteTestNG.main(RemoteTestNG.java:91)
]]>
            </full-stacktrace>
          </exception> <!-- org.openqa.selenium.NoSuchElementException -->
          <reporter-output>
          </reporter-output>
        </test-method> <!-- testRescheduleRideForRoundTrip -->
        <test-method is-config="true" signature="captureResult(org.testng.ITestResult)[pri:0, instance:com.dgcustomer.testScript.RoundTripTest@7fd50002]" started-at="2025-10-13T12:04:45 IST" name="captureResult" finished-at="2025-10-13T12:04:46 IST" duration-ms="1267" status="PASS">
          <params>
            <param index="0">
              <value>
                <![CDATA[[TestResult name=testRescheduleRideForRoundTrip status=FAILURE method=RoundTripTest.testRescheduleRideForRoundTrip()[pri:2, instance:com.dgcustomer.testScript.RoundTripTest@7fd50002] output={null}]]]>
              </value>
            </param>
          </params>
          <reporter-output>
          </reporter-output>
        </test-method> <!-- captureResult -->
        <test-method is-config="true" signature="tearDown()[pri:0, instance:com.dgcustomer.testScript.RoundTripTest@7fd50002]" started-at="2025-10-13T12:04:46 IST" name="tearDown" finished-at="2025-10-13T12:04:47 IST" duration-ms="1089" status="PASS">
          <reporter-output>
          </reporter-output>
        </test-method> <!-- tearDown -->
        <test-method is-config="true" signature="flushReport()[pri:0, instance:com.dgcustomer.testScript.RoundTripTest@7fd50002]" started-at="2025-10-13T12:04:48 IST" name="flushReport" finished-at="2025-10-13T12:04:49 IST" duration-ms="1479" status="PASS">
          <reporter-output>
          </reporter-output>
        </test-method> <!-- flushReport -->
      </class> <!-- com.dgcustomer.testScript.RoundTripTest -->
    </test> <!-- Default test -->
  </suite> <!-- Default suite -->
</testng-results>
