<?xml version="1.0" encoding="UTF-8"?>
<!-- Generated by org.testng.reporters.JUnitReportReporter -->
<testsuite hostname="LAPTOP-1E8GHFSQ" failures="0" tests="3" name="com.dgcustomer.testScript.OutStationOneWayTest" time="56.027" errors="0" timestamp="2025-10-11T13:18:31 IST" skipped="0">
  <testcase classname="com.dgcustomer.testScript.OutStationOneWayTest" name="testOutStationOneWay" time="30.680"/>
  <testcase classname="com.dgcustomer.testScript.OutStationOneWayTest" name="testOutStationOneWayReschedule" time="17.782"/>
  <testcase classname="com.dgcustomer.testScript.OutStationOneWayTest" name="testOutStationOneWayCancel" time="7.565"/>
</testsuite> <!-- com.dgcustomer.testScript.OutStationOneWayTest -->
