<?xml version="1.0" encoding="UTF-8"?>
<!-- Generated by org.testng.reporters.JUnitReportReporter -->
<testsuite hostname="LAPTOP-1E8GHFSQ" failures="0" tests="3" name="com.dgcustomer.testScript.OneWayTest" time="62.708" errors="0" timestamp="2025-10-13T11:31:00 IST" skipped="0">
  <testcase classname="com.dgcustomer.testScript.OneWayTest" name="testHireDriverForOneWay" time="36.175"/>
  <testcase classname="com.dgcustomer.testScript.OneWayTest" name="testRescheduleRideForoneWay" time="18.664"/>
  <testcase classname="com.dgcustomer.testScript.OneWayTest" name="testCancelRideForOneWay" time="7.869"/>
</testsuite> <!-- com.dgcustomer.testScript.OneWayTest -->
