<?xml version="1.0" encoding="UTF-8"?>
<!-- Generated by org.testng.reporters.JUnitReportReporter -->
<testsuite hostname="LAPTOP-1E8GHFSQ" failures="0" tests="3" name="com.dgcustomer.testScript.OneWayTest" time="66.455" errors="0" timestamp="2025-11-14T17:41:21 IST" skipped="0">
  <testcase classname="com.dgcustomer.testScript.OneWayTest" name="testHireDriverForOneWay" time="38.183"/>
  <testcase classname="com.dgcustomer.testScript.OneWayTest" name="testRescheduleRideForoneWay" time="20.375"/>
  <testcase classname="com.dgcustomer.testScript.OneWayTest" name="testCancelRideForOneWay" time="7.897"/>
</testsuite> <!-- com.dgcustomer.testScript.OneWayTest -->
