<?xml version="1.0" encoding="UTF-8"?>
<!-- Generated by org.testng.reporters.JUnitReportReporter -->
<testsuite hostname="LAPTOP-1E8GHFSQ" failures="0" tests="3" name="com.dgcustomer.testScript.RoundTripTest" time="50.617" errors="0" timestamp="2025-10-10T17:54:53 IST" skipped="0">
  <testcase classname="com.dgcustomer.testScript.RoundTripTest" name="testRoundTrip" time="25.731"/>
  <testcase classname="com.dgcustomer.testScript.RoundTripTest" name="testRescheduleRide" time="17.364"/>
  <testcase classname="com.dgcustomer.testScript.RoundTripTest" name="testCancelRide" time="7.522"/>
</testsuite> <!-- com.dgcustomer.testScript.RoundTripTest -->
