<?xml version="1.0" encoding="UTF-8"?>
<!-- Generated by org.testng.reporters.JUnitReportReporter -->
<testsuite hostname="LAPTOP-1E8GHFSQ" failures="0" tests="3" name="com.dgcustomer.testScript.OutStationOneWayTest" time="55.105" errors="0" timestamp="2025-10-13T11:46:43 IST" skipped="0">
  <testcase classname="com.dgcustomer.testScript.OutStationOneWayTest" name="testOutStationOneWay" time="32.312"/>
  <testcase classname="com.dgcustomer.testScript.OutStationOneWayTest" name="testOutStationOneWayReschedule" time="14.771"/>
  <testcase classname="com.dgcustomer.testScript.OutStationOneWayTest" name="testOutStationOneWayCancel" time="8.022"/>
</testsuite> <!-- com.dgcustomer.testScript.OutStationOneWayTest -->
